#
# There is insufficient memory for the Java Runtime Environment to continue.
# Native memory allocation (malloc) failed to allocate 390560 bytes for Chunk::new
# Possible reasons:
#   The system is out of physical RAM or swap space
#   The process is running with CompressedOops enabled, and the Java Heap may be blocking the growth of the native heap
# Possible solutions:
#   Reduce memory load on the system
#   Increase physical memory or swap space
#   Check if swap backing store is full
#   Decrease Java heap size (-Xmx/-Xms)
#   Decrease number of Java threads
#   Decrease Java thread stack sizes (-Xss)
#   Set larger code cache with -XX:ReservedCodeCacheSize=
#   JVM is running with Unscaled Compressed Oops mode in which the Java heap is
#     placed in the first 4GB address space. The Java Heap base address is the
#     maximum limit for the native heap growth. Please use -XX:HeapBaseMinAddress
#     to set the Java Heap base and to place the Java Heap above 4GB virtual address.
# This output file may be truncated or incomplete.
#
#  Out of Memory Error (arena.cpp:168), pid=8320, tid=18576
#
# JRE version: Java(TM) SE Runtime Environment (21.0.1+12) (build 21.0.1+12-LTS-29)
# Java VM: Java HotSpot(TM) 64-Bit Server VM (21.0.1+12-LTS-29, mixed mode, sharing, tiered, compressed oops, compressed class ptrs, g1 gc, windows-amd64)
# No core dump will be written. Minidumps are not enabled by default on client versions of Windows
#

---------------  S U M M A R Y ------------

Command Line: --add-opens=java.base/java.util=ALL-UNNAMED --add-opens=java.base/java.lang=ALL-UNNAMED --add-opens=java.base/java.lang.invoke=ALL-UNNAMED --add-opens=java.prefs/java.util.prefs=ALL-UNNAMED --add-opens=java.base/java.nio.charset=ALL-UNNAMED --add-opens=java.base/java.net=ALL-UNNAMED --add-opens=java.base/java.util.concurrent.atomic=ALL-UNNAMED -Xmx2048m -Dfile.encoding=UTF-8 -Duser.country=US -Duser.language=en -Duser.variant -javaagent:C:\Users\Ali\.gradle\wrapper\dists\gradle-8.7-bin\bhs2wmbdwecv87pi65oeuq5iu\gradle-8.7\lib\agents\gradle-instrumentation-agent-8.7.jar org.gradle.launcher.daemon.bootstrap.GradleDaemon 8.7

Host: Intel(R) Core(TM) i7-8550U CPU @ 1.80GHz, 8 cores, 15G,  Windows 10 , 64 bit Build 19041 (10.0.19041.3636)
Time: Thu Apr 11 23:52:56 2024 Iran Standard Time elapsed time: 108.374023 seconds (0d 0h 1m 48s)

---------------  T H R E A D  ---------------

Current thread (0x000001887f9bd0d0):  JavaThread "C2 CompilerThread0" daemon [_thread_in_native, id=18576, stack(0x0000005273d00000,0x0000005273e00000) (1024K)]


Current CompileTask:
C2: 108374 13758       4       org.gradle.internal.snapshot.ChildMap$Entry::handleAncestorDescendantOrExactMatch (110 bytes)

Stack: [0x0000005273d00000,0x0000005273e00000]
Native frames: (J=compiled Java code, j=interpreted, Vv=VM code, C=native code)
V  [jvm.dll+0x6c9029]
V  [jvm.dll+0x854b81]
V  [jvm.dll+0x856e5e]
V  [jvm.dll+0x857543]
V  [jvm.dll+0x280c06]
V  [jvm.dll+0xc3ead]
V  [jvm.dll+0xc43c3]
V  [jvm.dll+0x3b576c]
V  [jvm.dll+0x382475]
V  [jvm.dll+0x3818ea]
V  [jvm.dll+0x249ad0]
V  [jvm.dll+0x2490b1]
V  [jvm.dll+0x1c9ca1]
V  [jvm.dll+0x2586b9]
V  [jvm.dll+0x256c9a]
V  [jvm.dll+0x3ef1b6]
V  [jvm.dll+0x7fd728]
V  [jvm.dll+0x6c777d]
C  [ucrtbase.dll+0x21bb2]
C  [KERNEL32.DLL+0x17344]
C  [ntdll.dll+0x526b1]


---------------  P R O C E S S  ---------------

Threads class SMR info:
_java_thread_list=0x0000018849fe0320, length=80, elements={
0x0000018862e69c00, 0x000001887f89e6a0, 0x000001887f9a1340, 0x000001887f9a43e0,
0x000001887f9a6ce0, 0x000001887f9a7350, 0x000001887f9ab9d0, 0x000001887f9bd0d0,
0x000001887f9bf790, 0x000001887fac5880, 0x000001887fc4f9b0, 0x0000018845ea5830,
0x00000188465c3250, 0x000001884690f810, 0x000001884671c6e0, 0x00000188468dddd0,
0x000001884671d860, 0x0000018846892db0, 0x0000018846894160, 0x0000018846896230,
0x0000018846895ba0, 0x0000018846893440, 0x00000188468947f0, 0x0000018846895510,
0x0000018849987d30, 0x0000018849989770, 0x0000018849987010, 0x00000188499890e0,
0x000001884998a490, 0x0000018849989e00, 0x0000018846b81830, 0x0000018846b83900,
0x0000018846b83f90, 0x0000018846b81ec0, 0x0000018846b7d690, 0x0000018846b82550,
0x0000018846b7f0d0, 0x0000018846b7dd20, 0x0000018846b82be0, 0x0000018846b7e3b0,
0x0000018846b7ea40, 0x0000018846b7f760, 0x0000018846b7fdf0, 0x0000018846893ad0,
0x0000018849301070, 0x0000018849302ab0, 0x0000018849300350, 0x0000018849301d90,
0x0000018847cb6490, 0x000001884759ee20, 0x0000018847598bb0, 0x00000188475998d0,
0x0000018847599f60, 0x0000018847cba630, 0x0000018847cbb350, 0x0000018847cb9910,
0x0000018847cbacc0, 0x0000018847cb43c0, 0x0000018847cbb9e0, 0x00000188492ffcc0,
0x0000018849301700, 0x00000188499876a0, 0x0000018846b84620, 0x0000018847e44880,
0x0000018847e434d0, 0x0000018847e43b60, 0x0000018847e48a20, 0x0000018847e441f0,
0x0000018847e48390, 0x0000018847e462c0, 0x0000018847e47d00, 0x0000018847e45c30,
0x0000018847e46fe0, 0x0000018847e49dd0, 0x0000018847e49740, 0x0000018847e42e40,
0x0000018847e4a460, 0x0000018847e46950, 0x000001884759d3e0, 0x0000018846c40b20
}

Java Threads: ( => current thread )
  0x0000018862e69c00 JavaThread "main"                              [_thread_blocked, id=8896, stack(0x0000005272f00000,0x0000005273000000) (1024K)]
  0x000001887f89e6a0 JavaThread "Reference Handler"          daemon [_thread_blocked, id=16504, stack(0x0000005273700000,0x0000005273800000) (1024K)]
  0x000001887f9a1340 JavaThread "Finalizer"                  daemon [_thread_blocked, id=18264, stack(0x0000005273800000,0x0000005273900000) (1024K)]
  0x000001887f9a43e0 JavaThread "Signal Dispatcher"          daemon [_thread_blocked, id=16320, stack(0x0000005273900000,0x0000005273a00000) (1024K)]
  0x000001887f9a6ce0 JavaThread "Attach Listener"            daemon [_thread_blocked, id=13492, stack(0x0000005273a00000,0x0000005273b00000) (1024K)]
  0x000001887f9a7350 JavaThread "Service Thread"             daemon [_thread_blocked, id=7596, stack(0x0000005273b00000,0x0000005273c00000) (1024K)]
  0x000001887f9ab9d0 JavaThread "Monitor Deflation Thread"   daemon [_thread_blocked, id=15044, stack(0x0000005273c00000,0x0000005273d00000) (1024K)]
=>0x000001887f9bd0d0 JavaThread "C2 CompilerThread0"         daemon [_thread_in_native, id=18576, stack(0x0000005273d00000,0x0000005273e00000) (1024K)]
  0x000001887f9bf790 JavaThread "C1 CompilerThread0"         daemon [_thread_blocked, id=11472, stack(0x0000005273e00000,0x0000005273f00000) (1024K)]
  0x000001887fac5880 JavaThread "Common-Cleaner"             daemon [_thread_blocked, id=10536, stack(0x0000005273f00000,0x0000005274000000) (1024K)]
  0x000001887fc4f9b0 JavaThread "Notification Thread"        daemon [_thread_blocked, id=11048, stack(0x0000005274000000,0x0000005274100000) (1024K)]
  0x0000018845ea5830 JavaThread "Daemon health stats"               [_thread_blocked, id=19380, stack(0x0000005274700000,0x0000005274800000) (1024K)]
  0x00000188465c3250 JavaThread "Incoming local TCP Connector on port 62804"        [_thread_in_native, id=18152, stack(0x0000005274100000,0x0000005274200000) (1024K)]
  0x000001884690f810 JavaThread "Daemon periodic checks"            [_thread_blocked, id=6868, stack(0x0000005274800000,0x0000005274900000) (1024K)]
  0x000001884671c6e0 JavaThread "Daemon"                            [_thread_blocked, id=2132, stack(0x0000005274a00000,0x0000005274b00000) (1024K)]
  0x00000188468dddd0 JavaThread "Handler for socket connection from /127.0.0.1:62804 to /127.0.0.1:62805"        [_thread_in_native, id=13072, stack(0x0000005274b00000,0x0000005274c00000) (1024K)]
  0x000001884671d860 JavaThread "Cancel handler"                    [_thread_blocked, id=8784, stack(0x0000005274c00000,0x0000005274d00000) (1024K)]
  0x0000018846892db0 JavaThread "Daemon worker"                     [_thread_blocked, id=1492, stack(0x0000005274d00000,0x0000005274e00000) (1024K)]
  0x0000018846894160 JavaThread "Asynchronous log dispatcher for DefaultDaemonConnection: socket connection from /127.0.0.1:62804 to /127.0.0.1:62805"        [_thread_blocked, id=15508, stack(0x0000005274e00000,0x0000005274f00000) (1024K)]
  0x0000018846896230 JavaThread "Daemon client event forwarder"        [_thread_blocked, id=15116, stack(0x0000005275000000,0x0000005275100000) (1024K)]
  0x0000018846895ba0 JavaThread "Cache worker for journal cache (C:\Users\Ali\.gradle\caches\journal-1)"        [_thread_blocked, id=19336, stack(0x0000005275100000,0x0000005275200000) (1024K)]
  0x0000018846893440 JavaThread "File lock request listener"        [_thread_in_native, id=8480, stack(0x0000005275200000,0x0000005275300000) (1024K)]
  0x00000188468947f0 JavaThread "Cache worker for file hash cache (C:\Users\Ali\.gradle\caches\8.7\fileHashes)"        [_thread_blocked, id=10764, stack(0x0000005275300000,0x0000005275400000) (1024K)]
  0x0000018846895510 JavaThread "Cache worker for file hash cache (C:\Users\Ali\AndroidStudioProjects\CryptoYar\.gradle\8.7\fileHashes)"        [_thread_blocked, id=1240, stack(0x0000005275500000,0x0000005275600000) (1024K)]
  0x0000018849987d30 JavaThread "File watcher server"        daemon [_thread_in_native, id=17712, stack(0x0000005275900000,0x0000005275a00000) (1024K)]
  0x0000018849989770 JavaThread "File watcher consumer"      daemon [_thread_blocked, id=18664, stack(0x0000005275a00000,0x0000005275b00000) (1024K)]
  0x0000018849987010 JavaThread "Cache worker for checksums cache (C:\Users\Ali\AndroidStudioProjects\CryptoYar\.gradle\8.7\checksums)"        [_thread_blocked, id=18868, stack(0x0000005275b00000,0x0000005275c00000) (1024K)]
  0x00000188499890e0 JavaThread "Cache worker for cache directory md-supplier (C:\Users\Ali\.gradle\caches\8.7\md-supplier)"        [_thread_blocked, id=13452, stack(0x0000005275c00000,0x0000005275d00000) (1024K)]
  0x000001884998a490 JavaThread "Cache worker for cache directory md-rule (C:\Users\Ali\.gradle\caches\8.7\md-rule)"        [_thread_blocked, id=10824, stack(0x0000005275d00000,0x0000005275e00000) (1024K)]
  0x0000018849989e00 JavaThread "Cache worker for file content cache (C:\Users\Ali\.gradle\caches\8.7\fileContent)"        [_thread_blocked, id=8972, stack(0x0000005275e00000,0x0000005275f00000) (1024K)]
  0x0000018846b81830 JavaThread "Cache worker for Build Output Cleanup Cache (C:\Users\Ali\AndroidStudioProjects\CryptoYar\.gradle\buildOutputCleanup)"        [_thread_blocked, id=15548, stack(0x0000005275f00000,0x0000005276000000) (1024K)]
  0x0000018846b83900 JavaThread "File lock release action executor"        [_thread_blocked, id=3420, stack(0x0000005274900000,0x0000005274a00000) (1024K)]
  0x0000018846b83f90 JavaThread "Unconstrained build operations"        [_thread_blocked, id=11516, stack(0x0000005272c00000,0x0000005272d00000) (1024K)]
  0x0000018846b81ec0 JavaThread "Unconstrained build operations Thread 2"        [_thread_blocked, id=4736, stack(0x0000005272d00000,0x0000005272e00000) (1024K)]
  0x0000018846b7d690 JavaThread "Unconstrained build operations Thread 3"        [_thread_blocked, id=8356, stack(0x0000005272e00000,0x0000005272f00000) (1024K)]
  0x0000018846b82550 JavaThread "Unconstrained build operations Thread 4"        [_thread_blocked, id=9792, stack(0x0000005274f00000,0x0000005275000000) (1024K)]
  0x0000018846b7f0d0 JavaThread "Unconstrained build operations Thread 5"        [_thread_blocked, id=8492, stack(0x0000005276200000,0x0000005276300000) (1024K)]
  0x0000018846b7dd20 JavaThread "Unconstrained build operations Thread 6"        [_thread_blocked, id=16752, stack(0x0000005276300000,0x0000005276400000) (1024K)]
  0x0000018846b82be0 JavaThread "Unconstrained build operations Thread 7"        [_thread_blocked, id=15620, stack(0x0000005276400000,0x0000005276500000) (1024K)]
  0x0000018846b7e3b0 JavaThread "Unconstrained build operations Thread 8"        [_thread_blocked, id=16936, stack(0x0000005276500000,0x0000005276600000) (1024K)]
  0x0000018846b7ea40 JavaThread "Unconstrained build operations Thread 9"        [_thread_blocked, id=9012, stack(0x0000005276600000,0x0000005276700000) (1024K)]
  0x0000018846b7f760 JavaThread "Unconstrained build operations Thread 10"        [_thread_blocked, id=10620, stack(0x0000005276700000,0x0000005276800000) (1024K)]
  0x0000018846b7fdf0 JavaThread "Unconstrained build operations Thread 11"        [_thread_blocked, id=10688, stack(0x0000005276800000,0x0000005276900000) (1024K)]
  0x0000018846893ad0 JavaThread "Unconstrained build operations Thread 12"        [_thread_blocked, id=4364, stack(0x0000005276900000,0x0000005276a00000) (1024K)]
  0x0000018849301070 JavaThread "Unconstrained build operations Thread 13"        [_thread_blocked, id=10708, stack(0x0000005276a00000,0x0000005276b00000) (1024K)]
  0x0000018849302ab0 JavaThread "Unconstrained build operations Thread 14"        [_thread_blocked, id=16860, stack(0x0000005276b00000,0x0000005276c00000) (1024K)]
  0x0000018849300350 JavaThread "build event listener"              [_thread_blocked, id=11456, stack(0x0000005276c00000,0x0000005276d00000) (1024K)]
  0x0000018849301d90 JavaThread "Memory manager"                    [_thread_blocked, id=15520, stack(0x0000005276d00000,0x0000005276e00000) (1024K)]
  0x0000018847cb6490 JavaThread "build event listener"              [_thread_blocked, id=19064, stack(0x0000005276e00000,0x0000005276f00000) (1024K)]
  0x000001884759ee20 JavaThread "included builds"                   [_thread_blocked, id=14488, stack(0x0000005276f00000,0x0000005277000000) (1024K)]
  0x0000018847598bb0 JavaThread "Execution worker"                  [_thread_blocked, id=13504, stack(0x0000005277000000,0x0000005277100000) (1024K)]
  0x00000188475998d0 JavaThread "Execution worker Thread 2"         [_thread_blocked, id=17872, stack(0x0000005277100000,0x0000005277200000) (1024K)]
  0x0000018847599f60 JavaThread "Execution worker Thread 3"         [_thread_blocked, id=13240, stack(0x0000005277200000,0x0000005277300000) (1024K)]
  0x0000018847cba630 JavaThread "Execution worker Thread 4"         [_thread_blocked, id=13876, stack(0x0000005277300000,0x0000005277400000) (1024K)]
  0x0000018847cbb350 JavaThread "Execution worker Thread 5"         [_thread_blocked, id=4992, stack(0x0000005277400000,0x0000005277500000) (1024K)]
  0x0000018847cb9910 JavaThread "Execution worker Thread 6"         [_thread_blocked, id=3476, stack(0x0000005277500000,0x0000005277600000) (1024K)]
  0x0000018847cbacc0 JavaThread "Execution worker Thread 7"         [_thread_blocked, id=2500, stack(0x0000005277600000,0x0000005277700000) (1024K)]
  0x0000018847cb43c0 JavaThread "Cache worker for execution history cache (C:\Users\Ali\AndroidStudioProjects\CryptoYar\.gradle\8.7\executionHistory)"        [_thread_blocked, id=716, stack(0x0000005277700000,0x0000005277800000) (1024K)]
  0x0000018847cbb9e0 JavaThread "Unconstrained build operations Thread 15"        [_thread_blocked, id=3980, stack(0x0000005277800000,0x0000005277900000) (1024K)]
  0x00000188492ffcc0 JavaThread "Unconstrained build operations Thread 16"        [_thread_blocked, id=8096, stack(0x0000005277900000,0x0000005277a00000) (1024K)]
  0x0000018849301700 JavaThread "Unconstrained build operations Thread 17"        [_thread_blocked, id=16636, stack(0x0000005277a00000,0x0000005277b00000) (1024K)]
  0x00000188499876a0 JavaThread "Unconstrained build operations Thread 18"        [_thread_blocked, id=18000, stack(0x0000005277b00000,0x0000005277c00000) (1024K)]
  0x0000018846b84620 JavaThread "Unconstrained build operations Thread 19"        [_thread_blocked, id=13792, stack(0x0000005277c00000,0x0000005277d00000) (1024K)]
  0x0000018847e44880 JavaThread "Unconstrained build operations Thread 20"        [_thread_blocked, id=12912, stack(0x0000005277d00000,0x0000005277e00000) (1024K)]
  0x0000018847e434d0 JavaThread "Unconstrained build operations Thread 21"        [_thread_blocked, id=7888, stack(0x0000005277e00000,0x0000005277f00000) (1024K)]
  0x0000018847e43b60 JavaThread "Unconstrained build operations Thread 22"        [_thread_blocked, id=11808, stack(0x0000005277f00000,0x0000005278000000) (1024K)]
  0x0000018847e48a20 JavaThread "Unconstrained build operations Thread 23"        [_thread_blocked, id=8660, stack(0x0000005278000000,0x0000005278100000) (1024K)]
  0x0000018847e441f0 JavaThread "Unconstrained build operations Thread 24"        [_thread_blocked, id=5800, stack(0x0000005278100000,0x0000005278200000) (1024K)]
  0x0000018847e48390 JavaThread "Unconstrained build operations Thread 25"        [_thread_blocked, id=2124, stack(0x0000005278200000,0x0000005278300000) (1024K)]
  0x0000018847e462c0 JavaThread "Unconstrained build operations Thread 26"        [_thread_blocked, id=2080, stack(0x0000005278300000,0x0000005278400000) (1024K)]
  0x0000018847e47d00 JavaThread "Unconstrained build operations Thread 27"        [_thread_blocked, id=18216, stack(0x0000005278400000,0x0000005278500000) (1024K)]
  0x0000018847e45c30 JavaThread "Unconstrained build operations Thread 28"        [_thread_blocked, id=3328, stack(0x0000005278500000,0x0000005278600000) (1024K)]
  0x0000018847e46fe0 JavaThread "Unconstrained build operations Thread 29"        [_thread_blocked, id=14508, stack(0x0000005278600000,0x0000005278700000) (1024K)]
  0x0000018847e49dd0 JavaThread "Unconstrained build operations Thread 30"        [_thread_blocked, id=6768, stack(0x0000005278700000,0x0000005278800000) (1024K)]
  0x0000018847e49740 JavaThread "Unconstrained build operations Thread 31"        [_thread_blocked, id=15900, stack(0x0000005278800000,0x0000005278900000) (1024K)]
  0x0000018847e42e40 JavaThread "Unconstrained build operations Thread 32"        [_thread_blocked, id=14984, stack(0x0000005278900000,0x0000005278a00000) (1024K)]
  0x0000018847e4a460 JavaThread "Unconstrained build operations Thread 33"        [_thread_blocked, id=12904, stack(0x0000005278a00000,0x0000005278b00000) (1024K)]
  0x0000018847e46950 JavaThread "Unconstrained build operations Thread 34"        [_thread_blocked, id=16236, stack(0x0000005278b00000,0x0000005278c00000) (1024K)]
  0x000001884759d3e0 JavaThread "Unconstrained build operations Thread 35"        [_thread_blocked, id=17028, stack(0x0000005278c00000,0x0000005278d00000) (1024K)]
  0x0000018846c40b20 JavaThread "Unconstrained build operations Thread 36"        [_thread_blocked, id=18308, stack(0x0000005278d00000,0x0000005278e00000) (1024K)]
Total: 80

Other Threads:
  0x000001887f883db0 VMThread "VM Thread"                           [id=6416, stack(0x0000005273600000,0x0000005273700000) (1024K)]
  0x000001887f86e1d0 WatcherThread "VM Periodic Task Thread"        [id=11728, stack(0x0000005273500000,0x0000005273600000) (1024K)]
  0x0000018860cedf90 WorkerThread "GC Thread#0"                     [id=6292, stack(0x0000005273000000,0x0000005273100000) (1024K)]
  0x00000188452678b0 WorkerThread "GC Thread#1"                     [id=6260, stack(0x0000005274200000,0x0000005274300000) (1024K)]
  0x0000018845267c50 WorkerThread "GC Thread#2"                     [id=18920, stack(0x0000005274300000,0x0000005274400000) (1024K)]
  0x0000018845267ff0 WorkerThread "GC Thread#3"                     [id=3744, stack(0x0000005274400000,0x0000005274500000) (1024K)]
  0x0000018845734330 WorkerThread "GC Thread#4"                     [id=13256, stack(0x0000005274500000,0x0000005274600000) (1024K)]
  0x00000188457346d0 WorkerThread "GC Thread#5"                     [id=8632, stack(0x0000005274600000,0x0000005274700000) (1024K)]
  0x0000018846476140 WorkerThread "GC Thread#6"                     [id=10920, stack(0x0000005275600000,0x0000005275700000) (1024K)]
  0x0000018846476fc0 WorkerThread "GC Thread#7"                     [id=19244, stack(0x0000005275700000,0x0000005275800000) (1024K)]
  0x0000018862ece380 ConcurrentGCThread "G1 Main Marker"            [id=3416, stack(0x0000005273100000,0x0000005273200000) (1024K)]
  0x0000018862ecee40 WorkerThread "G1 Conc#0"                       [id=12416, stack(0x0000005273200000,0x0000005273300000) (1024K)]
  0x0000018846477360 WorkerThread "G1 Conc#1"                       [id=11232, stack(0x0000005275800000,0x0000005275900000) (1024K)]
  0x000001887f73b5d0 ConcurrentGCThread "G1 Refine#0"               [id=16412, stack(0x0000005273300000,0x0000005273400000) (1024K)]
  0x0000018862f3e720 ConcurrentGCThread "G1 Service"                [id=13308, stack(0x0000005273400000,0x0000005273500000) (1024K)]
Total: 15

Threads with active compile tasks:
C2 CompilerThread0   108448 13758       4       org.gradle.internal.snapshot.ChildMap$Entry::handleAncestorDescendantOrExactMatch (110 bytes)
Total: 1

VM state: not at safepoint (normal execution)

VM Mutex/Monitor currently owned by a thread: None

OutOfMemory and StackOverflow Exception counts:
OutOfMemoryError java_heap_errors=1
LinkageErrors=219

Heap address: 0x0000000080000000, size: 2048 MB, Compressed Oops mode: 32-bit

CDS archive(s) mapped at: [0x0000018800000000-0x0000018800c90000-0x0000018800c90000), size 13172736, SharedBaseAddress: 0x0000018800000000, ArchiveRelocationMode: 1.
Compressed class space mapped at: 0x0000018801000000-0x0000018841000000, reserved size: 1073741824
Narrow klass base: 0x0000018800000000, Narrow klass shift: 0, Narrow klass range: 0x100000000

GC Precious Log:
 CardTable entry size: 512
 Card Set container configuration: InlinePtr #cards 5 size 8 Array Of Cards #cards 12 size 40 Howl #buckets 4 coarsen threshold 1843 Howl Bitmap #cards 512 size 80 coarsen threshold 460 Card regions per heap region 1 cards per card region 2048
 CPUs: 8 total, 8 available
 Memory: 16262M
 Large Page Support: Disabled
 NUMA Support: Disabled
 Compressed Oops: Enabled (32-bit)
 Heap Region Size: 1M
 Heap Min Capacity: 8M
 Heap Initial Capacity: 256M
 Heap Max Capacity: 2G
 Pre-touch: Disabled
 Parallel Workers: 8
 Concurrent Workers: 2
 Concurrent Refinement Workers: 8
 Periodic GC: Disabled

Heap:
 garbage-first heap   total 184320K, used 120355K [0x0000000080000000, 0x0000000100000000)
  region size 1024K, 17 young (17408K), 5 survivors (5120K)
 Metaspace       used 99029K, committed 101248K, reserved 1179648K
  class space    used 13921K, committed 14976K, reserved 1048576K

Heap Regions: E=young(eden), S=young(survivor), O=old, HS=humongous(starts), HC=humongous(continues), CS=collection set, F=free, TAMS=top-at-mark-start, PB=parsable bottom
|   0|0x0000000080000000, 0x0000000080100000, 0x0000000080100000|100%|HS|  |TAMS 0x0000000080000000| PB 0x0000000080000000| Complete 
|   1|0x0000000080100000, 0x0000000080200000, 0x0000000080200000|100%|HC|  |TAMS 0x0000000080100000| PB 0x0000000080100000| Complete 
|   2|0x0000000080200000, 0x0000000080300000, 0x0000000080300000|100%|HC|  |TAMS 0x0000000080200000| PB 0x0000000080200000| Complete 
|   3|0x0000000080300000, 0x0000000080400000, 0x0000000080400000|100%|HC|  |TAMS 0x0000000080300000| PB 0x0000000080300000| Complete 
|   4|0x0000000080400000, 0x0000000080500000, 0x0000000080500000|100%| O|  |TAMS 0x0000000080400000| PB 0x0000000080400000| Untracked 
|   5|0x0000000080500000, 0x0000000080600000, 0x0000000080600000|100%| O|  |TAMS 0x0000000080500000| PB 0x0000000080500000| Untracked 
|   6|0x0000000080600000, 0x0000000080700000, 0x0000000080700000|100%| O|  |TAMS 0x0000000080600000| PB 0x0000000080600000| Untracked 
|   7|0x0000000080700000, 0x0000000080800000, 0x0000000080800000|100%| O|  |TAMS 0x0000000080700000| PB 0x0000000080700000| Untracked 
|   8|0x0000000080800000, 0x0000000080900000, 0x0000000080900000|100%| O|  |TAMS 0x0000000080800000| PB 0x0000000080800000| Untracked 
|   9|0x0000000080900000, 0x0000000080a00000, 0x0000000080a00000|100%| O|  |TAMS 0x0000000080900000| PB 0x0000000080900000| Untracked 
|  10|0x0000000080a00000, 0x0000000080b00000, 0x0000000080b00000|100%| O|  |TAMS 0x0000000080a00000| PB 0x0000000080a00000| Untracked 
|  11|0x0000000080b00000, 0x0000000080c00000, 0x0000000080c00000|100%| O|  |TAMS 0x0000000080b00000| PB 0x0000000080b00000| Untracked 
|  12|0x0000000080c00000, 0x0000000080d00000, 0x0000000080d00000|100%| O|  |TAMS 0x0000000080c00000| PB 0x0000000080c00000| Untracked 
|  13|0x0000000080d00000, 0x0000000080e00000, 0x0000000080e00000|100%| O|  |TAMS 0x0000000080d00000| PB 0x0000000080d00000| Untracked 
|  14|0x0000000080e00000, 0x0000000080f00000, 0x0000000080f00000|100%| O|  |TAMS 0x0000000080e00000| PB 0x0000000080e00000| Untracked 
|  15|0x0000000080f00000, 0x0000000081000000, 0x0000000081000000|100%| O|  |TAMS 0x0000000080f00000| PB 0x0000000080f00000| Untracked 
|  16|0x0000000081000000, 0x0000000081100000, 0x0000000081100000|100%| O|  |TAMS 0x0000000081000000| PB 0x0000000081000000| Untracked 
|  17|0x0000000081100000, 0x0000000081200000, 0x0000000081200000|100%| O|  |TAMS 0x0000000081100000| PB 0x0000000081100000| Untracked 
|  18|0x0000000081200000, 0x0000000081300000, 0x0000000081300000|100%| O|  |TAMS 0x0000000081200000| PB 0x0000000081200000| Untracked 
|  19|0x0000000081300000, 0x0000000081400000, 0x0000000081400000|100%| O|  |TAMS 0x0000000081300000| PB 0x0000000081300000| Untracked 
|  20|0x0000000081400000, 0x0000000081500000, 0x0000000081500000|100%| O|  |TAMS 0x0000000081400000| PB 0x0000000081400000| Untracked 
|  21|0x0000000081500000, 0x0000000081600000, 0x0000000081600000|100%| O|  |TAMS 0x0000000081500000| PB 0x0000000081500000| Untracked 
|  22|0x0000000081600000, 0x0000000081700000, 0x0000000081700000|100%| O|  |TAMS 0x0000000081600000| PB 0x0000000081600000| Untracked 
|  23|0x0000000081700000, 0x0000000081800000, 0x0000000081800000|100%| O|Cm|TAMS 0x0000000081700000| PB 0x0000000081700000| Complete 
|  24|0x0000000081800000, 0x0000000081900000, 0x0000000081900000|100%| O|  |TAMS 0x0000000081800000| PB 0x0000000081800000| Untracked 
|  25|0x0000000081900000, 0x0000000081a00000, 0x0000000081a00000|100%| O|  |TAMS 0x0000000081900000| PB 0x0000000081900000| Untracked 
|  26|0x0000000081a00000, 0x0000000081b00000, 0x0000000081b00000|100%| O|  |TAMS 0x0000000081a00000| PB 0x0000000081a00000| Untracked 
|  27|0x0000000081b00000, 0x0000000081c00000, 0x0000000081c00000|100%| O|  |TAMS 0x0000000081b00000| PB 0x0000000081b00000| Untracked 
|  28|0x0000000081c00000, 0x0000000081d00000, 0x0000000081d00000|100%| O|  |TAMS 0x0000000081c00000| PB 0x0000000081c00000| Untracked 
|  29|0x0000000081d00000, 0x0000000081e00000, 0x0000000081e00000|100%| O|Cm|TAMS 0x0000000081d00000| PB 0x0000000081d00000| Complete 
|  30|0x0000000081e00000, 0x0000000081f00000, 0x0000000081f00000|100%| O|  |TAMS 0x0000000081e00000| PB 0x0000000081e00000| Untracked 
|  31|0x0000000081f00000, 0x0000000082000000, 0x0000000082000000|100%| O|  |TAMS 0x0000000081f00000| PB 0x0000000081f00000| Untracked 
|  32|0x0000000082000000, 0x0000000082100000, 0x0000000082100000|100%| O|  |TAMS 0x0000000082000000| PB 0x0000000082000000| Untracked 
|  33|0x0000000082100000, 0x0000000082200000, 0x0000000082200000|100%| O|  |TAMS 0x0000000082100000| PB 0x0000000082100000| Untracked 
|  34|0x0000000082200000, 0x0000000082300000, 0x0000000082300000|100%| O|  |TAMS 0x0000000082200000| PB 0x0000000082200000| Untracked 
|  35|0x0000000082300000, 0x0000000082400000, 0x0000000082400000|100%| O|  |TAMS 0x0000000082300000| PB 0x0000000082300000| Untracked 
|  36|0x0000000082400000, 0x0000000082500000, 0x0000000082500000|100%| O|  |TAMS 0x0000000082400000| PB 0x0000000082400000| Untracked 
|  37|0x0000000082500000, 0x0000000082600000, 0x0000000082600000|100%| O|  |TAMS 0x0000000082500000| PB 0x0000000082500000| Untracked 
|  38|0x0000000082600000, 0x0000000082700000, 0x0000000082700000|100%| O|  |TAMS 0x0000000082600000| PB 0x0000000082600000| Untracked 
|  39|0x0000000082700000, 0x0000000082800000, 0x0000000082800000|100%| O|  |TAMS 0x0000000082700000| PB 0x0000000082700000| Untracked 
|  40|0x0000000082800000, 0x0000000082900000, 0x0000000082900000|100%| O|  |TAMS 0x0000000082800000| PB 0x0000000082800000| Untracked 
|  41|0x0000000082900000, 0x0000000082a00000, 0x0000000082a00000|100%| O|  |TAMS 0x0000000082900000| PB 0x0000000082900000| Untracked 
|  42|0x0000000082a00000, 0x0000000082b00000, 0x0000000082b00000|100%| O|  |TAMS 0x0000000082a00000| PB 0x0000000082a00000| Untracked 
|  43|0x0000000082b00000, 0x0000000082c00000, 0x0000000082c00000|100%| O|  |TAMS 0x0000000082b00000| PB 0x0000000082b00000| Untracked 
|  44|0x0000000082c00000, 0x0000000082d00000, 0x0000000082d00000|100%| O|  |TAMS 0x0000000082c00000| PB 0x0000000082c00000| Untracked 
|  45|0x0000000082d00000, 0x0000000082e00000, 0x0000000082e00000|100%| O|  |TAMS 0x0000000082d00000| PB 0x0000000082d00000| Untracked 
|  46|0x0000000082e00000, 0x0000000082f00000, 0x0000000082f00000|100%| O|  |TAMS 0x0000000082e00000| PB 0x0000000082e00000| Untracked 
|  47|0x0000000082f00000, 0x0000000083000000, 0x0000000083000000|100%|HS|  |TAMS 0x0000000082f00000| PB 0x0000000082f00000| Complete 
|  48|0x0000000083000000, 0x0000000083100000, 0x0000000083100000|100%|HS|  |TAMS 0x0000000083000000| PB 0x0000000083000000| Complete 
|  49|0x0000000083100000, 0x0000000083200000, 0x0000000083200000|100%|HS|  |TAMS 0x0000000083100000| PB 0x0000000083100000| Complete 
|  50|0x0000000083200000, 0x0000000083300000, 0x0000000083300000|100%|HC|  |TAMS 0x0000000083200000| PB 0x0000000083200000| Complete 
|  51|0x0000000083300000, 0x0000000083400000, 0x0000000083400000|100%|HS|  |TAMS 0x0000000083300000| PB 0x0000000083300000| Complete 
|  52|0x0000000083400000, 0x0000000083500000, 0x0000000083500000|100%|HC|  |TAMS 0x0000000083400000| PB 0x0000000083400000| Complete 
|  53|0x0000000083500000, 0x0000000083600000, 0x0000000083600000|100%|HS|  |TAMS 0x0000000083500000| PB 0x0000000083500000| Complete 
|  54|0x0000000083600000, 0x0000000083700000, 0x0000000083700000|100%|HS|  |TAMS 0x0000000083600000| PB 0x0000000083600000| Complete 
|  55|0x0000000083700000, 0x0000000083800000, 0x0000000083800000|100%|HC|  |TAMS 0x0000000083700000| PB 0x0000000083700000| Complete 
|  56|0x0000000083800000, 0x0000000083900000, 0x0000000083900000|100%|HC|  |TAMS 0x0000000083800000| PB 0x0000000083800000| Complete 
|  57|0x0000000083900000, 0x0000000083a00000, 0x0000000083a00000|100%|HC|  |TAMS 0x0000000083900000| PB 0x0000000083900000| Complete 
|  58|0x0000000083a00000, 0x0000000083b00000, 0x0000000083b00000|100%| O|  |TAMS 0x0000000083a00000| PB 0x0000000083a00000| Untracked 
|  59|0x0000000083b00000, 0x0000000083c00000, 0x0000000083c00000|100%|HS|  |TAMS 0x0000000083b00000| PB 0x0000000083b00000| Complete 
|  60|0x0000000083c00000, 0x0000000083d00000, 0x0000000083d00000|100%|HS|  |TAMS 0x0000000083c00000| PB 0x0000000083c00000| Complete 
|  61|0x0000000083d00000, 0x0000000083e00000, 0x0000000083e00000|100%| O|  |TAMS 0x0000000083d00000| PB 0x0000000083d00000| Untracked 
|  62|0x0000000083e00000, 0x0000000083f00000, 0x0000000083f00000|100%| O|  |TAMS 0x0000000083e00000| PB 0x0000000083e00000| Untracked 
|  63|0x0000000083f00000, 0x0000000084000000, 0x0000000084000000|100%| O|  |TAMS 0x0000000083f00000| PB 0x0000000083f00000| Untracked 
|  64|0x0000000084000000, 0x0000000084100000, 0x0000000084100000|100%| O|  |TAMS 0x0000000084000000| PB 0x0000000084000000| Untracked 
|  65|0x0000000084100000, 0x0000000084200000, 0x0000000084200000|100%| O|  |TAMS 0x0000000084100000| PB 0x0000000084100000| Untracked 
|  66|0x0000000084200000, 0x0000000084300000, 0x0000000084300000|100%| O|  |TAMS 0x0000000084200000| PB 0x0000000084200000| Untracked 
|  67|0x0000000084300000, 0x0000000084400000, 0x0000000084400000|100%| O|  |TAMS 0x0000000084300000| PB 0x0000000084300000| Untracked 
|  68|0x0000000084400000, 0x0000000084500000, 0x0000000084500000|100%| O|  |TAMS 0x0000000084400000| PB 0x0000000084400000| Untracked 
|  69|0x0000000084500000, 0x0000000084600000, 0x0000000084600000|100%| O|  |TAMS 0x0000000084500000| PB 0x0000000084500000| Untracked 
|  70|0x0000000084600000, 0x0000000084700000, 0x0000000084700000|100%| O|  |TAMS 0x0000000084600000| PB 0x0000000084600000| Untracked 
|  71|0x0000000084700000, 0x0000000084800000, 0x0000000084800000|100%| O|  |TAMS 0x0000000084700000| PB 0x0000000084700000| Untracked 
|  72|0x0000000084800000, 0x0000000084900000, 0x0000000084900000|100%|HS|  |TAMS 0x0000000084800000| PB 0x0000000084800000| Complete 
|  73|0x0000000084900000, 0x0000000084a00000, 0x0000000084a00000|100%|HC|  |TAMS 0x0000000084900000| PB 0x0000000084900000| Complete 
|  74|0x0000000084a00000, 0x0000000084b00000, 0x0000000084b00000|100%|HC|  |TAMS 0x0000000084a00000| PB 0x0000000084a00000| Complete 
|  75|0x0000000084b00000, 0x0000000084c00000, 0x0000000084c00000|100%|HC|  |TAMS 0x0000000084b00000| PB 0x0000000084b00000| Complete 
|  76|0x0000000084c00000, 0x0000000084d00000, 0x0000000084d00000|100%| O|  |TAMS 0x0000000084c00000| PB 0x0000000084c00000| Untracked 
|  77|0x0000000084d00000, 0x0000000084e00000, 0x0000000084e00000|100%| O|  |TAMS 0x0000000084d00000| PB 0x0000000084d00000| Untracked 
|  78|0x0000000084e00000, 0x0000000084f00000, 0x0000000084f00000|100%| O|  |TAMS 0x0000000084e00000| PB 0x0000000084e00000| Untracked 
|  79|0x0000000084f00000, 0x0000000085000000, 0x0000000085000000|100%| O|  |TAMS 0x0000000084f00000| PB 0x0000000084f00000| Untracked 
|  80|0x0000000085000000, 0x0000000085100000, 0x0000000085100000|100%| O|  |TAMS 0x0000000085000000| PB 0x0000000085000000| Untracked 
|  81|0x0000000085100000, 0x0000000085200000, 0x0000000085200000|100%| O|  |TAMS 0x0000000085100000| PB 0x0000000085100000| Untracked 
|  82|0x0000000085200000, 0x0000000085300000, 0x0000000085300000|100%| O|  |TAMS 0x0000000085200000| PB 0x0000000085200000| Untracked 
|  83|0x0000000085300000, 0x0000000085400000, 0x0000000085400000|100%| O|  |TAMS 0x0000000085300000| PB 0x0000000085300000| Untracked 
|  84|0x0000000085400000, 0x0000000085500000, 0x0000000085500000|100%| O|  |TAMS 0x0000000085400000| PB 0x0000000085400000| Untracked 
|  85|0x0000000085500000, 0x0000000085600000, 0x0000000085600000|100%| O|  |TAMS 0x0000000085500000| PB 0x0000000085500000| Untracked 
|  86|0x0000000085600000, 0x0000000085700000, 0x0000000085700000|100%| O|  |TAMS 0x0000000085600000| PB 0x0000000085600000| Untracked 
|  87|0x0000000085700000, 0x0000000085800000, 0x0000000085800000|100%| O|  |TAMS 0x0000000085700000| PB 0x0000000085700000| Untracked 
|  88|0x0000000085800000, 0x0000000085900000, 0x0000000085900000|100%| O|  |TAMS 0x0000000085800000| PB 0x0000000085800000| Untracked 
|  89|0x0000000085900000, 0x0000000085a00000, 0x0000000085a00000|100%| O|  |TAMS 0x0000000085900000| PB 0x0000000085900000| Untracked 
|  90|0x0000000085a00000, 0x0000000085b00000, 0x0000000085b00000|100%| O|  |TAMS 0x0000000085a00000| PB 0x0000000085a00000| Untracked 
|  91|0x0000000085b00000, 0x0000000085c00000, 0x0000000085c00000|100%| O|Cm|TAMS 0x0000000085b00000| PB 0x0000000085b00000| Complete 
|  92|0x0000000085c00000, 0x0000000085d00000, 0x0000000085d00000|100%| O|  |TAMS 0x0000000085c00000| PB 0x0000000085c00000| Untracked 
|  93|0x0000000085d00000, 0x0000000085e00000, 0x0000000085e00000|100%| O|  |TAMS 0x0000000085d00000| PB 0x0000000085d00000| Untracked 
|  94|0x0000000085e00000, 0x0000000085f00000, 0x0000000085f00000|100%| O|  |TAMS 0x0000000085e00000| PB 0x0000000085e00000| Untracked 
|  95|0x0000000085f00000, 0x0000000086000000, 0x0000000086000000|100%| O|  |TAMS 0x0000000085f00000| PB 0x0000000085f00000| Untracked 
|  96|0x0000000086000000, 0x0000000086100000, 0x0000000086100000|100%| O|  |TAMS 0x0000000086000000| PB 0x0000000086000000| Untracked 
|  97|0x0000000086100000, 0x0000000086200000, 0x0000000086200000|100%| O|  |TAMS 0x0000000086100000| PB 0x0000000086100000| Untracked 
|  98|0x0000000086200000, 0x0000000086300000, 0x0000000086300000|100%| O|  |TAMS 0x0000000086200000| PB 0x0000000086200000| Untracked 
|  99|0x0000000086300000, 0x0000000086400000, 0x0000000086400000|100%|HS|  |TAMS 0x0000000086300000| PB 0x0000000086300000| Complete 
| 100|0x0000000086400000, 0x0000000086400000, 0x0000000086500000|  0%| F|  |TAMS 0x0000000086400000| PB 0x0000000086400000| Untracked 
| 101|0x0000000086500000, 0x0000000086500000, 0x0000000086600000|  0%| F|  |TAMS 0x0000000086500000| PB 0x0000000086500000| Untracked 
| 102|0x0000000086600000, 0x0000000086600000, 0x0000000086700000|  0%| F|  |TAMS 0x0000000086600000| PB 0x0000000086600000| Untracked 
| 103|0x0000000086700000, 0x0000000086700000, 0x0000000086800000|  0%| F|  |TAMS 0x0000000086700000| PB 0x0000000086700000| Untracked 
| 104|0x0000000086800000, 0x0000000086800000, 0x0000000086900000|  0%| F|  |TAMS 0x0000000086800000| PB 0x0000000086800000| Untracked 
| 105|0x0000000086900000, 0x0000000086900000, 0x0000000086a00000|  0%| F|  |TAMS 0x0000000086900000| PB 0x0000000086900000| Untracked 
| 106|0x0000000086a00000, 0x0000000086a00000, 0x0000000086b00000|  0%| F|  |TAMS 0x0000000086a00000| PB 0x0000000086a00000| Untracked 
| 107|0x0000000086b00000, 0x0000000086b00000, 0x0000000086c00000|  0%| F|  |TAMS 0x0000000086b00000| PB 0x0000000086b00000| Untracked 
| 108|0x0000000086c00000, 0x0000000086c00000, 0x0000000086d00000|  0%| F|  |TAMS 0x0000000086c00000| PB 0x0000000086c00000| Untracked 
| 109|0x0000000086d00000, 0x0000000086d00000, 0x0000000086e00000|  0%| F|  |TAMS 0x0000000086d00000| PB 0x0000000086d00000| Untracked 
| 110|0x0000000086e00000, 0x0000000086e00000, 0x0000000086f00000|  0%| F|  |TAMS 0x0000000086e00000| PB 0x0000000086e00000| Untracked 
| 111|0x0000000086f00000, 0x0000000086f88fb8, 0x0000000087000000| 53%| S|CS|TAMS 0x0000000086f00000| PB 0x0000000086f00000| Complete 
| 112|0x0000000087000000, 0x0000000087100000, 0x0000000087100000|100%| S|CS|TAMS 0x0000000087000000| PB 0x0000000087000000| Complete 
| 113|0x0000000087100000, 0x0000000087200000, 0x0000000087200000|100%| S|CS|TAMS 0x0000000087100000| PB 0x0000000087100000| Complete 
| 114|0x0000000087200000, 0x0000000087300000, 0x0000000087300000|100%| S|CS|TAMS 0x0000000087200000| PB 0x0000000087200000| Complete 
| 115|0x0000000087300000, 0x0000000087400000, 0x0000000087400000|100%| S|CS|TAMS 0x0000000087300000| PB 0x0000000087300000| Complete 
| 116|0x0000000087400000, 0x0000000087400000, 0x0000000087500000|  0%| F|  |TAMS 0x0000000087400000| PB 0x0000000087400000| Untracked 
| 117|0x0000000087500000, 0x0000000087500000, 0x0000000087600000|  0%| F|  |TAMS 0x0000000087500000| PB 0x0000000087500000| Untracked 
| 118|0x0000000087600000, 0x0000000087600000, 0x0000000087700000|  0%| F|  |TAMS 0x0000000087600000| PB 0x0000000087600000| Untracked 
| 119|0x0000000087700000, 0x0000000087700000, 0x0000000087800000|  0%| F|  |TAMS 0x0000000087700000| PB 0x0000000087700000| Untracked 
| 120|0x0000000087800000, 0x0000000087800000, 0x0000000087900000|  0%| F|  |TAMS 0x0000000087800000| PB 0x0000000087800000| Untracked 
| 121|0x0000000087900000, 0x0000000087900000, 0x0000000087a00000|  0%| F|  |TAMS 0x0000000087900000| PB 0x0000000087900000| Untracked 
| 122|0x0000000087a00000, 0x0000000087a00000, 0x0000000087b00000|  0%| F|  |TAMS 0x0000000087a00000| PB 0x0000000087a00000| Untracked 
| 123|0x0000000087b00000, 0x0000000087b00000, 0x0000000087c00000|  0%| F|  |TAMS 0x0000000087b00000| PB 0x0000000087b00000| Untracked 
| 124|0x0000000087c00000, 0x0000000087c00000, 0x0000000087d00000|  0%| F|  |TAMS 0x0000000087c00000| PB 0x0000000087c00000| Untracked 
| 125|0x0000000087d00000, 0x0000000087d00000, 0x0000000087e00000|  0%| F|  |TAMS 0x0000000087d00000| PB 0x0000000087d00000| Untracked 
| 126|0x0000000087e00000, 0x0000000087e00000, 0x0000000087f00000|  0%| F|  |TAMS 0x0000000087e00000| PB 0x0000000087e00000| Untracked 
| 127|0x0000000087f00000, 0x0000000087f00000, 0x0000000088000000|  0%| F|  |TAMS 0x0000000087f00000| PB 0x0000000087f00000| Untracked 
| 128|0x0000000088000000, 0x0000000088000000, 0x0000000088100000|  0%| F|  |TAMS 0x0000000088000000| PB 0x0000000088000000| Untracked 
| 129|0x0000000088100000, 0x0000000088100000, 0x0000000088200000|  0%| F|  |TAMS 0x0000000088100000| PB 0x0000000088100000| Untracked 
| 130|0x0000000088200000, 0x0000000088200000, 0x0000000088300000|  0%| F|  |TAMS 0x0000000088200000| PB 0x0000000088200000| Untracked 
| 131|0x0000000088300000, 0x0000000088300000, 0x0000000088400000|  0%| F|  |TAMS 0x0000000088300000| PB 0x0000000088300000| Untracked 
| 132|0x0000000088400000, 0x0000000088400000, 0x0000000088500000|  0%| F|  |TAMS 0x0000000088400000| PB 0x0000000088400000| Untracked 
| 133|0x0000000088500000, 0x0000000088500000, 0x0000000088600000|  0%| F|  |TAMS 0x0000000088500000| PB 0x0000000088500000| Untracked 
| 134|0x0000000088600000, 0x0000000088600000, 0x0000000088700000|  0%| F|  |TAMS 0x0000000088600000| PB 0x0000000088600000| Untracked 
| 135|0x0000000088700000, 0x0000000088700000, 0x0000000088800000|  0%| F|  |TAMS 0x0000000088700000| PB 0x0000000088700000| Untracked 
| 136|0x0000000088800000, 0x0000000088800000, 0x0000000088900000|  0%| F|  |TAMS 0x0000000088800000| PB 0x0000000088800000| Untracked 
| 137|0x0000000088900000, 0x0000000088900000, 0x0000000088a00000|  0%| F|  |TAMS 0x0000000088900000| PB 0x0000000088900000| Untracked 
| 138|0x0000000088a00000, 0x0000000088a00000, 0x0000000088b00000|  0%| F|  |TAMS 0x0000000088a00000| PB 0x0000000088a00000| Untracked 
| 139|0x0000000088b00000, 0x0000000088b00000, 0x0000000088c00000|  0%| F|  |TAMS 0x0000000088b00000| PB 0x0000000088b00000| Untracked 
| 140|0x0000000088c00000, 0x0000000088c00000, 0x0000000088d00000|  0%| F|  |TAMS 0x0000000088c00000| PB 0x0000000088c00000| Untracked 
| 141|0x0000000088d00000, 0x0000000088d00000, 0x0000000088e00000|  0%| F|  |TAMS 0x0000000088d00000| PB 0x0000000088d00000| Untracked 
| 142|0x0000000088e00000, 0x0000000088e00000, 0x0000000088f00000|  0%| F|  |TAMS 0x0000000088e00000| PB 0x0000000088e00000| Untracked 
| 143|0x0000000088f00000, 0x0000000088f00000, 0x0000000089000000|  0%| F|  |TAMS 0x0000000088f00000| PB 0x0000000088f00000| Untracked 
| 144|0x0000000089000000, 0x0000000089000000, 0x0000000089100000|  0%| F|  |TAMS 0x0000000089000000| PB 0x0000000089000000| Untracked 
| 145|0x0000000089100000, 0x0000000089100000, 0x0000000089200000|  0%| F|  |TAMS 0x0000000089100000| PB 0x0000000089100000| Untracked 
| 146|0x0000000089200000, 0x0000000089200000, 0x0000000089300000|  0%| F|  |TAMS 0x0000000089200000| PB 0x0000000089200000| Untracked 
| 147|0x0000000089300000, 0x0000000089300000, 0x0000000089400000|  0%| F|  |TAMS 0x0000000089300000| PB 0x0000000089300000| Untracked 
| 148|0x0000000089400000, 0x0000000089400000, 0x0000000089500000|  0%| F|  |TAMS 0x0000000089400000| PB 0x0000000089400000| Untracked 
| 149|0x0000000089500000, 0x0000000089500000, 0x0000000089600000|  0%| F|  |TAMS 0x0000000089500000| PB 0x0000000089500000| Untracked 
| 150|0x0000000089600000, 0x0000000089600000, 0x0000000089700000|  0%| F|  |TAMS 0x0000000089600000| PB 0x0000000089600000| Untracked 
| 151|0x0000000089700000, 0x0000000089700000, 0x0000000089800000|  0%| F|  |TAMS 0x0000000089700000| PB 0x0000000089700000| Untracked 
| 152|0x0000000089800000, 0x0000000089800000, 0x0000000089900000|  0%| F|  |TAMS 0x0000000089800000| PB 0x0000000089800000| Untracked 
| 153|0x0000000089900000, 0x0000000089900000, 0x0000000089a00000|  0%| F|  |TAMS 0x0000000089900000| PB 0x0000000089900000| Untracked 
| 154|0x0000000089a00000, 0x0000000089a00000, 0x0000000089b00000|  0%| F|  |TAMS 0x0000000089a00000| PB 0x0000000089a00000| Untracked 
| 155|0x0000000089b00000, 0x0000000089b00000, 0x0000000089c00000|  0%| F|  |TAMS 0x0000000089b00000| PB 0x0000000089b00000| Untracked 
| 156|0x0000000089c00000, 0x0000000089c00000, 0x0000000089d00000|  0%| F|  |TAMS 0x0000000089c00000| PB 0x0000000089c00000| Untracked 
| 157|0x0000000089d00000, 0x0000000089d00000, 0x0000000089e00000|  0%| F|  |TAMS 0x0000000089d00000| PB 0x0000000089d00000| Untracked 
| 158|0x0000000089e00000, 0x0000000089e00000, 0x0000000089f00000|  0%| F|  |TAMS 0x0000000089e00000| PB 0x0000000089e00000| Untracked 
| 159|0x0000000089f00000, 0x0000000089f00000, 0x000000008a000000|  0%| F|  |TAMS 0x0000000089f00000| PB 0x0000000089f00000| Untracked 
| 160|0x000000008a000000, 0x000000008a000000, 0x000000008a100000|  0%| F|  |TAMS 0x000000008a000000| PB 0x000000008a000000| Untracked 
| 161|0x000000008a100000, 0x000000008a100000, 0x000000008a200000|  0%| F|  |TAMS 0x000000008a100000| PB 0x000000008a100000| Untracked 
| 162|0x000000008a200000, 0x000000008a200000, 0x000000008a300000|  0%| F|  |TAMS 0x000000008a200000| PB 0x000000008a200000| Untracked 
| 163|0x000000008a300000, 0x000000008a300000, 0x000000008a400000|  0%| F|  |TAMS 0x000000008a300000| PB 0x000000008a300000| Untracked 
| 164|0x000000008a400000, 0x000000008a400000, 0x000000008a500000|  0%| F|  |TAMS 0x000000008a400000| PB 0x000000008a400000| Untracked 
| 165|0x000000008a500000, 0x000000008a5a0f28, 0x000000008a600000| 62%| E|  |TAMS 0x000000008a500000| PB 0x000000008a500000| Complete 
| 166|0x000000008a600000, 0x000000008a700000, 0x000000008a700000|100%| E|CS|TAMS 0x000000008a600000| PB 0x000000008a600000| Complete 
| 167|0x000000008a700000, 0x000000008a800000, 0x000000008a800000|100%| E|CS|TAMS 0x000000008a700000| PB 0x000000008a700000| Complete 
| 168|0x000000008a800000, 0x000000008a900000, 0x000000008a900000|100%| E|CS|TAMS 0x000000008a800000| PB 0x000000008a800000| Complete 
| 169|0x000000008a900000, 0x000000008aa00000, 0x000000008aa00000|100%| E|CS|TAMS 0x000000008a900000| PB 0x000000008a900000| Complete 
| 170|0x000000008aa00000, 0x000000008ab00000, 0x000000008ab00000|100%| E|CS|TAMS 0x000000008aa00000| PB 0x000000008aa00000| Complete 
| 171|0x000000008ab00000, 0x000000008ac00000, 0x000000008ac00000|100%| E|  |TAMS 0x000000008ab00000| PB 0x000000008ab00000| Complete 
| 172|0x000000008ac00000, 0x000000008ad00000, 0x000000008ad00000|100%| E|CS|TAMS 0x000000008ac00000| PB 0x000000008ac00000| Complete 
| 173|0x000000008ad00000, 0x000000008ae00000, 0x000000008ae00000|100%| E|CS|TAMS 0x000000008ad00000| PB 0x000000008ad00000| Complete 
| 254|0x000000008fe00000, 0x000000008ff00000, 0x000000008ff00000|100%| E|CS|TAMS 0x000000008fe00000| PB 0x000000008fe00000| Complete 
| 255|0x000000008ff00000, 0x0000000090000000, 0x0000000090000000|100%| E|CS|TAMS 0x000000008ff00000| PB 0x000000008ff00000| Complete 
|2044|0x00000000ffc00000, 0x00000000ffd00000, 0x00000000ffd00000|100%| O|  |TAMS 0x00000000ffc00000| PB 0x00000000ffc00000| Untracked 
|2045|0x00000000ffd00000, 0x00000000ffe00000, 0x00000000ffe00000|100%| O|  |TAMS 0x00000000ffd00000| PB 0x00000000ffd00000| Untracked 
|2046|0x00000000ffe00000, 0x00000000fff00000, 0x00000000fff00000|100%| E|CS|TAMS 0x00000000ffe00000| PB 0x00000000ffe00000| Complete 
|2047|0x00000000fff00000, 0x0000000100000000, 0x0000000100000000|100%| O|  |TAMS 0x00000000fff00000| PB 0x00000000fff00000| Untracked 

Card table byte_map: [0x000001887aa00000,0x000001887ae00000] _byte_map_base: 0x000001887a600000

Marking Bits: (CMBitMap*) 0x0000018860cee5a0
 Bits: [0x000001887ae00000, 0x000001887ce00000)

Polling page: 0x0000018860e40000

Metaspace:

Usage:
  Non-class:     83.11 MB used.
      Class:     13.60 MB used.
       Both:     96.71 MB used.

Virtual space:
  Non-class space:      128.00 MB reserved,      84.25 MB ( 66%) committed,  2 nodes.
      Class space:        1.00 GB reserved,      14.62 MB (  1%) committed,  1 nodes.
             Both:        1.12 GB reserved,      98.88 MB (  9%) committed. 

Chunk freelists:
   Non-Class:  11.55 MB
       Class:  1.25 MB
        Both:  12.80 MB

MaxMetaspaceSize: unlimited
CompressedClassSpaceSize: 1.00 GB
Initial GC threshold: 21.00 MB
Current GC threshold: 164.00 MB
CDS: on
 - commit_granule_bytes: 65536.
 - commit_granule_words: 8192.
 - virtual_space_node_default_size: 8388608.
 - enlarge_chunks_in_place: 1.
 - use_allocation_guard: 0.


Internal statistics:

num_allocs_failed_limit: 6.
num_arena_births: 3972.
num_arena_deaths: 0.
num_vsnodes_births: 3.
num_vsnodes_deaths: 0.
num_space_committed: 1582.
num_space_uncommitted: 0.
num_chunks_returned_to_freelist: 6.
num_chunks_taken_from_freelist: 8364.
num_chunk_merges: 6.
num_chunk_splits: 5430.
num_chunks_enlarged: 3389.
num_inconsistent_stats: 0.

CodeHeap 'non-profiled nmethods': size=120000Kb used=5593Kb max_used=5669Kb free=114406Kb
 bounds [0x0000018872da0000, 0x0000018873330000, 0x000001887a2d0000]
CodeHeap 'profiled nmethods': size=120000Kb used=18761Kb max_used=19256Kb free=101238Kb
 bounds [0x000001886b2d0000, 0x000001886c5a0000, 0x0000018872800000]
CodeHeap 'non-nmethods': size=5760Kb used=2181Kb max_used=2280Kb free=3578Kb
 bounds [0x0000018872800000, 0x0000018872a70000, 0x0000018872da0000]
 total_blobs=10424 nmethods=9535 adapters=792
 compilation: enabled
              stopped_count=0, restarted_count=0
 full_count=0

Compilation events (20 events):
Event: 108.343 Thread 0x000001887f9bd0d0 13755       4       org.gradle.internal.snapshot.AbstractListChildMap$$Lambda/0x00000188015b31e8::<init> (15 bytes)
Event: 108.344 Thread 0x000001887f9bf790 nmethod 13753 0x000001886b7f6610 code [0x000001886b7f6a40, 0x000001886b7f8c18]
Event: 108.345 Thread 0x000001887f9bf790 13756       3       org.gradle.internal.snapshot.VfsRelativePath::lengthOfCommonPrefix (173 bytes)
Event: 108.346 Thread 0x000001887f9bd0d0 nmethod 13755 0x0000018872dc3110 code [0x0000018872dc32a0, 0x0000018872dc3510]
Event: 108.346 Thread 0x000001887f9bd0d0 13758       4       org.gradle.internal.snapshot.ChildMap$Entry::handleAncestorDescendantOrExactMatch (110 bytes)
Event: 108.348 Thread 0x000001887f9bf790 nmethod 13756 0x000001886b317110 code [0x000001886b317520, 0x000001886b3195e8]
Event: 108.350 Thread 0x000001887f9bf790 13759   !   3       org.gradle.internal.snapshot.FileSystemLeafSnapshot::accept (36 bytes)
Event: 108.350 Thread 0x000001887f9bf790 nmethod 13759 0x000001886bb1f710 code [0x000001886bb1f940, 0x000001886bb20350]
Event: 108.362 Thread 0x000001887f9bf790 13762       3       java.util.stream.StreamSpliterators$WrappingSpliterator$$Lambda/0x00000188014ffd38::getAsBoolean (8 bytes)
Event: 108.363 Thread 0x000001887f9bf790 nmethod 13762 0x000001886b7ba610 code [0x000001886b7ba7c0, 0x000001886b7baa10]
Event: 108.363 Thread 0x000001887f9bf790 13763       3       java.util.stream.StreamSpliterators$WrappingSpliterator::lambda$initPartialTraversalState$0 (14 bytes)
Event: 108.363 Thread 0x000001887f9bf790 nmethod 13763 0x000001886bf88890 code [0x000001886bf88a40, 0x000001886bf88c20]
Event: 108.363 Thread 0x000001887f9bf790 13767       1       java.util.stream.Sink::cancellationRequested (2 bytes)
Event: 108.363 Thread 0x000001887f9bf790 nmethod 13767 0x0000018872e4a810 code [0x0000018872e4a9a0, 0x0000018872e4aa68]
Event: 108.363 Thread 0x000001887f9bf790 13766       3       java.util.Map$Entry::lambda$comparingByKey$bbdbfea9$1 (21 bytes)
Event: 108.363 Thread 0x000001887f9bf790 nmethod 13766 0x000001886b7f4010 code [0x000001886b7f4200, 0x000001886b7f4678]
Event: 108.363 Thread 0x000001887f9bf790 13765       3       java.util.Map$Entry$$Lambda/0x0000018801dd4628::compare (12 bytes)
Event: 108.364 Thread 0x000001887f9bf790 nmethod 13765 0x000001886ba27a10 code [0x000001886ba27c20, 0x000001886ba28328]
Event: 108.364 Thread 0x000001887f9bf790 13764       3       java.util.stream.SortedOps$SizedRefSortingSink::accept (18 bytes)
Event: 108.364 Thread 0x000001887f9bf790 nmethod 13764 0x000001886b2e7910 code [0x000001886b2e7ac0, 0x000001886b2e7d80]

GC Heap History (20 events):
Event: 88.281 GC heap before
{Heap before GC invocations=24 (full 0):
 garbage-first heap   total 133120K, used 119038K [0x0000000080000000, 0x0000000100000000)
  region size 1024K, 39 young (39936K), 6 survivors (6144K)
 Metaspace       used 76688K, committed 78528K, reserved 1179648K
  class space    used 10590K, committed 11520K, reserved 1048576K
}
Event: 88.289 GC heap after
{Heap after GC invocations=25 (full 0):
 garbage-first heap   total 133120K, used 87990K [0x0000000080000000, 0x0000000100000000)
  region size 1024K, 5 young (5120K), 5 survivors (5120K)
 Metaspace       used 76688K, committed 78528K, reserved 1179648K
  class space    used 10590K, committed 11520K, reserved 1048576K
}
Event: 89.395 GC heap before
{Heap before GC invocations=26 (full 0):
 garbage-first heap   total 150528K, used 118710K [0x0000000080000000, 0x0000000100000000)
  region size 1024K, 36 young (36864K), 5 survivors (5120K)
 Metaspace       used 77297K, committed 79232K, reserved 1179648K
  class space    used 10669K, committed 11648K, reserved 1048576K
}
Event: 89.406 GC heap after
{Heap after GC invocations=27 (full 0):
 garbage-first heap   total 150528K, used 91014K [0x0000000080000000, 0x0000000100000000)
  region size 1024K, 4 young (4096K), 4 survivors (4096K)
 Metaspace       used 77297K, committed 79232K, reserved 1179648K
  class space    used 10669K, committed 11648K, reserved 1048576K
}
Event: 91.791 GC heap before
{Heap before GC invocations=27 (full 0):
 garbage-first heap   total 150528K, used 135046K [0x0000000080000000, 0x0000000100000000)
  region size 1024K, 47 young (48128K), 4 survivors (4096K)
 Metaspace       used 80731K, committed 82624K, reserved 1179648K
  class space    used 11198K, committed 12160K, reserved 1048576K
}
Event: 91.798 GC heap after
{Heap after GC invocations=28 (full 0):
 garbage-first heap   total 150528K, used 87824K [0x0000000080000000, 0x0000000100000000)
  region size 1024K, 2 young (2048K), 2 survivors (2048K)
 Metaspace       used 80731K, committed 82624K, reserved 1179648K
  class space    used 11198K, committed 12160K, reserved 1048576K
}
Event: 93.953 GC heap before
{Heap before GC invocations=28 (full 0):
 garbage-first heap   total 150528K, used 135952K [0x0000000080000000, 0x0000000100000000)
  region size 1024K, 49 young (50176K), 2 survivors (2048K)
 Metaspace       used 84670K, committed 86784K, reserved 1179648K
  class space    used 11875K, committed 12928K, reserved 1048576K
}
Event: 93.957 GC heap after
{Heap after GC invocations=29 (full 0):
 garbage-first heap   total 150528K, used 89794K [0x0000000080000000, 0x0000000100000000)
  region size 1024K, 4 young (4096K), 4 survivors (4096K)
 Metaspace       used 84670K, committed 86784K, reserved 1179648K
  class space    used 11875K, committed 12928K, reserved 1048576K
}
Event: 95.135 GC heap before
{Heap before GC invocations=30 (full 0):
 garbage-first heap   total 155648K, used 136898K [0x0000000080000000, 0x0000000100000000)
  region size 1024K, 50 young (51200K), 4 survivors (4096K)
 Metaspace       used 88034K, committed 90112K, reserved 1179648K
  class space    used 12381K, committed 13440K, reserved 1048576K
}
Event: 95.142 GC heap after
{Heap after GC invocations=31 (full 0):
 garbage-first heap   total 155648K, used 92276K [0x0000000080000000, 0x0000000100000000)
  region size 1024K, 5 young (5120K), 5 survivors (5120K)
 Metaspace       used 88034K, committed 90112K, reserved 1179648K
  class space    used 12381K, committed 13440K, reserved 1048576K
}
Event: 96.385 GC heap before
{Heap before GC invocations=31 (full 0):
 garbage-first heap   total 155648K, used 140404K [0x0000000080000000, 0x0000000100000000)
  region size 1024K, 52 young (53248K), 5 survivors (5120K)
 Metaspace       used 91676K, committed 93824K, reserved 1179648K
  class space    used 12931K, committed 13952K, reserved 1048576K
}
Event: 96.395 GC heap after
{Heap after GC invocations=32 (full 0):
 garbage-first heap   total 155648K, used 93853K [0x0000000080000000, 0x0000000100000000)
  region size 1024K, 6 young (6144K), 6 survivors (6144K)
 Metaspace       used 91676K, committed 93824K, reserved 1179648K
  class space    used 12931K, committed 13952K, reserved 1048576K
}
Event: 97.510 GC heap before
{Heap before GC invocations=32 (full 0):
 garbage-first heap   total 155648K, used 137885K [0x0000000080000000, 0x0000000100000000)
  region size 1024K, 50 young (51200K), 6 survivors (6144K)
 Metaspace       used 95259K, committed 97408K, reserved 1179648K
  class space    used 13368K, committed 14464K, reserved 1048576K
}
Event: 97.521 GC heap after
{Heap after GC invocations=33 (full 0):
 garbage-first heap   total 155648K, used 97686K [0x0000000080000000, 0x0000000100000000)
  region size 1024K, 7 young (7168K), 7 survivors (7168K)
 Metaspace       used 95259K, committed 97408K, reserved 1179648K
  class space    used 13368K, committed 14464K, reserved 1048576K
}
Event: 103.759 GC heap before
{Heap before GC invocations=34 (full 0):
 garbage-first heap   total 171008K, used 137622K [0x0000000080000000, 0x0000000100000000)
  region size 1024K, 47 young (48128K), 7 survivors (7168K)
 Metaspace       used 97711K, committed 99904K, reserved 1179648K
  class space    used 13729K, committed 14848K, reserved 1048576K
}
Event: 103.771 GC heap after
{Heap after GC invocations=35 (full 0):
 garbage-first heap   total 171008K, used 102902K [0x0000000080000000, 0x0000000100000000)
  region size 1024K, 6 young (6144K), 6 survivors (6144K)
 Metaspace       used 97711K, committed 99904K, reserved 1179648K
  class space    used 13729K, committed 14848K, reserved 1048576K
}
Event: 104.884 GC heap before
{Heap before GC invocations=35 (full 0):
 garbage-first heap   total 171008K, used 153078K [0x0000000080000000, 0x0000000100000000)
  region size 1024K, 56 young (57344K), 6 survivors (6144K)
 Metaspace       used 97955K, committed 100160K, reserved 1179648K
  class space    used 13735K, committed 14848K, reserved 1048576K
}
Event: 104.895 GC heap after
{Heap after GC invocations=36 (full 0):
 garbage-first heap   total 171008K, used 106952K [0x0000000080000000, 0x0000000100000000)
  region size 1024K, 5 young (5120K), 5 survivors (5120K)
 Metaspace       used 97955K, committed 100160K, reserved 1179648K
  class space    used 13735K, committed 14848K, reserved 1048576K
}
Event: 107.664 GC heap before
{Heap before GC invocations=36 (full 0):
 garbage-first heap   total 171008K, used 155080K [0x0000000080000000, 0x0000000100000000)
  region size 1024K, 53 young (54272K), 5 survivors (5120K)
 Metaspace       used 98528K, committed 100736K, reserved 1179648K
  class space    used 13823K, committed 14912K, reserved 1048576K
}
Event: 107.668 GC heap after
{Heap after GC invocations=37 (full 0):
 garbage-first heap   total 171008K, used 109091K [0x0000000080000000, 0x0000000100000000)
  region size 1024K, 5 young (5120K), 5 survivors (5120K)
 Metaspace       used 98528K, committed 100736K, reserved 1179648K
  class space    used 13823K, committed 14912K, reserved 1048576K
}

Dll operation events (15 events):
Event: 0.010 Loaded shared library C:\Program Files\Java\jdk-21\bin\java.dll
Event: 0.049 Loaded shared library C:\Program Files\Java\jdk-21\bin\jsvml.dll
Event: 0.111 Loaded shared library C:\Program Files\Java\jdk-21\bin\zip.dll
Event: 0.119 Loaded shared library C:\Program Files\Java\jdk-21\bin\instrument.dll
Event: 0.127 Loaded shared library C:\Program Files\Java\jdk-21\bin\net.dll
Event: 0.132 Loaded shared library C:\Program Files\Java\jdk-21\bin\nio.dll
Event: 0.145 Loaded shared library C:\Program Files\Java\jdk-21\bin\zip.dll
Event: 0.601 Loaded shared library C:\Program Files\Java\jdk-21\bin\jimage.dll
Event: 0.714 Loaded shared library C:\Program Files\Java\jdk-21\bin\verify.dll
Event: 0.936 Loaded shared library C:\Users\Ali\.gradle\native\c067742578af261105cb4f569cf0c3c89f3d7b1fecec35dd04571415982c5e48\windows-amd64\native-platform.dll
Event: 0.942 Loaded shared library C:\Users\Ali\.gradle\native\38dada09dfb8b06ba9b0570ebf7e218e3eb74d4ef43ca46872605cf95ebc2f47\windows-amd64\native-platform-file-events.dll
Event: 2.433 Loaded shared library C:\Program Files\Java\jdk-21\bin\management.dll
Event: 2.441 Loaded shared library C:\Program Files\Java\jdk-21\bin\management_ext.dll
Event: 2.888 Loaded shared library C:\Program Files\Java\jdk-21\bin\extnet.dll
Event: 3.035 Loaded shared library C:\Program Files\Java\jdk-21\bin\sunmscapi.dll

Deoptimization events (20 events):
Event: 108.340 Thread 0x00000188475998d0 Uncommon trap: trap_request=0xffffffc6 fr.pc=0x000001887322d15c relative=0x000000000000099c
Event: 108.340 Thread 0x00000188475998d0 Uncommon trap: reason=bimorphic_or_optimized_type_check action=maybe_recompile pc=0x000001887322d15c method=com.google.common.collect.AbstractMapBasedMultimap$WrappedCollection.refreshIfEmpty()V @ 59 c2
Event: 108.340 Thread 0x00000188475998d0 DEOPT PACKING pc=0x000001887322d15c sp=0x00000052771fb640
Event: 108.340 Thread 0x00000188475998d0 DEOPT UNPACKING pc=0x00000188728546a2 sp=0x00000052771fb5f8 mode 2
Event: 108.353 Thread 0x00000188475998d0 Uncommon trap: trap_request=0xffffffde fr.pc=0x00000188730328b0 relative=0x0000000000000590
Event: 108.353 Thread 0x00000188475998d0 Uncommon trap: reason=class_check action=maybe_recompile pc=0x00000188730328b0 method=com.google.common.collect.Multimaps$CustomListMultimap.createCollection()Ljava/util/List; @ 4 c2
Event: 108.353 Thread 0x00000188475998d0 DEOPT PACKING pc=0x00000188730328b0 sp=0x00000052771fc330
Event: 108.353 Thread 0x00000188475998d0 DEOPT UNPACKING pc=0x00000188728546a2 sp=0x00000052771fc240 mode 2
Event: 108.353 Thread 0x00000188475998d0 Uncommon trap: trap_request=0xffffffde fr.pc=0x00000188730328b0 relative=0x0000000000000590
Event: 108.353 Thread 0x00000188475998d0 Uncommon trap: reason=class_check action=maybe_recompile pc=0x00000188730328b0 method=com.google.common.collect.Multimaps$CustomListMultimap.createCollection()Ljava/util/List; @ 4 c2
Event: 108.353 Thread 0x00000188475998d0 DEOPT PACKING pc=0x00000188730328b0 sp=0x00000052771fc330
Event: 108.353 Thread 0x00000188475998d0 DEOPT UNPACKING pc=0x00000188728546a2 sp=0x00000052771fc240 mode 2
Event: 108.353 Thread 0x00000188475998d0 Uncommon trap: trap_request=0xffffffde fr.pc=0x00000188730328b0 relative=0x0000000000000590
Event: 108.353 Thread 0x00000188475998d0 Uncommon trap: reason=class_check action=maybe_recompile pc=0x00000188730328b0 method=com.google.common.collect.Multimaps$CustomListMultimap.createCollection()Ljava/util/List; @ 4 c2
Event: 108.353 Thread 0x00000188475998d0 DEOPT PACKING pc=0x00000188730328b0 sp=0x00000052771fc330
Event: 108.353 Thread 0x00000188475998d0 DEOPT UNPACKING pc=0x00000188728546a2 sp=0x00000052771fc240 mode 2
Event: 108.353 Thread 0x00000188475998d0 Uncommon trap: trap_request=0xffffffde fr.pc=0x00000188730328b0 relative=0x0000000000000590
Event: 108.353 Thread 0x00000188475998d0 Uncommon trap: reason=class_check action=maybe_recompile pc=0x00000188730328b0 method=com.google.common.collect.Multimaps$CustomListMultimap.createCollection()Ljava/util/List; @ 4 c2
Event: 108.353 Thread 0x00000188475998d0 DEOPT PACKING pc=0x00000188730328b0 sp=0x00000052771fc330
Event: 108.353 Thread 0x00000188475998d0 DEOPT UNPACKING pc=0x00000188728546a2 sp=0x00000052771fc240 mode 2

Classes loaded (20 events):
Event: 97.754 Loading class java/util/TreeMap$KeySpliterator
Event: 97.754 Loading class java/util/TreeMap$TreeMapSpliterator
Event: 97.754 Loading class java/util/TreeMap$TreeMapSpliterator done
Event: 97.754 Loading class java/util/TreeMap$KeySpliterator done
Event: 97.927 Loading class java/io/ObjectStreamClass$ExceptionInfo
Event: 97.928 Loading class java/io/ObjectStreamClass$ExceptionInfo done
Event: 97.995 Loading class java/util/stream/ReferencePipeline$4
Event: 97.996 Loading class java/util/stream/ReferencePipeline$4 done
Event: 97.996 Loading class java/util/function/IntBinaryOperator
Event: 97.996 Loading class java/util/function/IntBinaryOperator done
Event: 97.996 Loading class java/util/stream/ReduceOps$6
Event: 97.997 Loading class java/util/stream/ReduceOps$6 done
Event: 97.997 Loading class java/util/stream/ReduceOps$5ReducingSink
Event: 97.997 Loading class java/util/stream/ReduceOps$5ReducingSink done
Event: 97.997 Loading class java/util/stream/ReferencePipeline$4$1
Event: 97.997 Loading class java/util/stream/ReferencePipeline$4$1 done
Event: 98.105 Loading class java/io/SequenceInputStream
Event: 98.106 Loading class java/io/SequenceInputStream done
Event: 108.339 Loading class java/lang/invoke/WrongMethodTypeException
Event: 108.340 Loading class java/lang/invoke/WrongMethodTypeException done

Classes unloaded (0 events):
No events

Classes redefined (0 events):
No events

Internal exceptions (20 events):
Event: 97.772 Thread 0x0000018846892db0 Exception <a 'java/lang/NoSuchMethodError'{0x0000000089bdc328}: 'void java.lang.invoke.DirectMethodHandle$Holder.invokeSpecial(java.lang.Object, java.lang.Object, java.lang.Object, java.lang.Object, int, java.lang.Object, java.lang.Object)'> (0x0000000089bdc328) 
thrown [s\open\src\hotspot\share\interpreter\linkResolver.cpp, line 773]
Event: 97.874 Thread 0x000001884759ee20 Exception <a 'java/lang/NoSuchMethodError'{0x00000000896e5d28}: 'java.lang.Object java.lang.invoke.DirectMethodHandle$Holder.invokeVirtual(java.lang.Object, java.lang.Object, java.lang.Object, java.lang.Object, java.lang.Object, java.lang.Object, java.lang.Object, java.lang.Object, java.lang.Object, java.lang.Object, java.lang.Object, java.lang.Object, java.lang.Object, java.lang.Object, java.lang.Object, java.lang.Object, java.lang.Object, java.lang.Object, java.lang.Object)'> (0x00000000896e5d28) 
thrown
Event: 97.886 Thread 0x0000018846896230 Exception <a 'java/lang/NoSuchMethodError'{0x00000000894bbff0}: static Lorg/gradle/internal/build/event/types/DefaultTaskStartedProgressEvent;.<clinit>()V> (0x00000000894bbff0) 
thrown [s\open\src\hotspot\share\prims\jni.cpp, line 1106]
Event: 97.887 Thread 0x0000018846896230 Exception <a 'java/lang/NoSuchMethodError'{0x00000000894e9578}: static Lorg/gradle/internal/build/event/types/DefaultTaskDescriptor;.<clinit>()V> (0x00000000894e9578) 
thrown [s\open\src\hotspot\share\prims\jni.cpp, line 1106]
Event: 97.893 Thread 0x0000018846896230 Exception <a 'java/lang/NoSuchMethodError'{0x000000008932ec50}: static Lorg/gradle/internal/build/event/types/DefaultTaskFinishedProgressEvent;.<clinit>()V> (0x000000008932ec50) 
thrown [s\open\src\hotspot\share\prims\jni.cpp, line 1106]
Event: 97.896 Thread 0x0000018846896230 Exception <a 'java/lang/NoSuchMethodError'{0x0000000089370608}: static Lorg/gradle/internal/build/event/types/DefaultTaskSuccessResult;.<clinit>()V> (0x0000000089370608) 
thrown [s\open\src\hotspot\share\prims\jni.cpp, line 1106]
Event: 97.896 Thread 0x0000018846896230 Exception <a 'java/lang/NoSuchMethodError'{0x0000000089382150}: static Lorg/gradle/internal/build/event/types/AbstractTaskResult;.<clinit>()V> (0x0000000089382150) 
thrown [s\open\src\hotspot\share\prims\jni.cpp, line 1106]
Event: 97.921 Thread 0x0000018849300350 Exception <a 'java/lang/NoSuchMethodError'{0x0000000089322b60}: static Lcom/android/buildanalyzer/common/AndroidGradlePluginAttributionData$BuildInfo;.<clinit>()V> (0x0000000089322b60) 
thrown [s\open\src\hotspot\share\prims\jni.cpp, line 1106]
Event: 97.924 Thread 0x0000018849300350 Exception <a 'java/lang/NoSuchMethodError'{0x00000000892bd4c8}: static Lcom/android/buildanalyzer/common/AndroidGradlePluginAttributionData$JavaInfo;.<clinit>()V> (0x00000000892bd4c8) 
thrown [s\open\src\hotspot\share\prims\jni.cpp, line 1106]
Event: 97.928 Thread 0x0000018849300350 Exception <a 'java/lang/NoSuchMethodError'{0x00000000892e3c38}: static [Ljava/lang/String;.<clinit>()V> (0x00000000892e3c38) 
thrown [s\open\src\hotspot\share\prims\jni.cpp, line 1106]
Event: 97.929 Thread 0x0000018849300350 Exception <a 'java/lang/NoSuchMethodError'{0x00000000892f5c00}: static Lcom/android/buildanalyzer/common/AndroidGradlePluginAttributionData$TaskInfo;.<clinit>()V> (0x00000000892f5c00) 
thrown [s\open\src\hotspot\share\prims\jni.cpp, line 1106]
Event: 97.930 Thread 0x0000018849300350 Exception <a 'java/lang/NoSuchMethodError'{0x00000000891279e0}: static Lcom/android/buildanalyzer/common/AndroidGradlePluginAttributionData$TaskCategoryInfo;.<clinit>()V> (0x00000000891279e0) 
thrown [s\open\src\hotspot\share\prims\jni.cpp, line 1106]
Event: 97.947 Thread 0x000001884759ee20 Exception <a 'sun/nio/fs/WindowsException'{0x00000000891b6e18}> (0x00000000891b6e18) 
thrown [s\open\src\hotspot\share\prims\jni.cpp, line 520]
Event: 97.983 Thread 0x0000018846896230 Exception <a 'java/lang/NoSuchMethodError'{0x0000000088f2cd00}: static Lorg/gradle/internal/build/event/types/DefaultTaskSkippedResult;.<clinit>()V> (0x0000000088f2cd00) 
thrown [s\open\src\hotspot\share\prims\jni.cpp, line 1106]
Event: 98.025 Thread 0x000001884759ee20 Exception <a 'java/lang/IncompatibleClassChangeError'{0x0000000088fc9e58}: Found class java.lang.Object, but interface was expected> (0x0000000088fc9e58) 
thrown [s\open\src\hotspot\share\interpreter\linkResolver.cpp, line 840]
Event: 103.757 Thread 0x0000018847cbb9e0 Exception <a 'java/lang/NoSuchMethodError'{0x0000000087c9d158}: 'java.lang.Object java.lang.invoke.DirectMethodHandle$Holder.invokeSpecialIFC(java.lang.Object, java.lang.Object, java.lang.Object)'> (0x0000000087c9d158) 
thrown [s\open\src\hotspot\share\interpreter\linkResolver.cpp, line 773]
Event: 104.365 Thread 0x00000188499876a0 Implicit null exception at 0x00000188732ad2b5 to 0x00000188732adeab
Event: 105.611 Thread 0x000001884759ee20 Exception <a 'java/lang/NoSuchMethodError'{0x000000008892df18}: 'int java.lang.invoke.DirectMethodHandle$Holder.invokeStaticInit(java.lang.Object, java.lang.Object, java.lang.Object, java.lang.Object, java.lang.Object)'> (0x000000008892df18) 
thrown [s\open\src\hotspot\share\interpreter\linkResolver.cpp, line 773]
Event: 106.662 Thread 0x000001884759d3e0 Implicit null exception at 0x0000018872e0bbae to 0x0000018872e0bd68
Event: 108.336 Thread 0x00000188475998d0 Exception <a 'java/lang/OutOfMemoryError'{0x000000008ad0a8c8}> (0x000000008ad0a8c8) 
thrown [s\open\src\hotspot\share\prims\jni.cpp, line 539]

ZGC Phase Switch (0 events):
No events

VM Operations (20 events):
Event: 104.493 Executing VM operation: ICBufferFull
Event: 104.494 Executing VM operation: ICBufferFull done
Event: 104.884 Executing VM operation: G1CollectForAllocation (G1 Evacuation Pause)
Event: 104.897 Executing VM operation: G1CollectForAllocation (G1 Evacuation Pause) done
Event: 105.625 Executing VM operation: HandshakeAllThreads (Deoptimize)
Event: 105.625 Executing VM operation: HandshakeAllThreads (Deoptimize) done
Event: 105.626 Executing VM operation: HandshakeAllThreads (Deoptimize)
Event: 105.627 Executing VM operation: HandshakeAllThreads (Deoptimize) done
Event: 105.647 Executing VM operation: HandshakeAllThreads (Deoptimize)
Event: 105.647 Executing VM operation: HandshakeAllThreads (Deoptimize) done
Event: 105.712 Executing VM operation: ICBufferFull
Event: 105.712 Executing VM operation: ICBufferFull done
Event: 106.724 Executing VM operation: Cleanup
Event: 106.724 Executing VM operation: Cleanup done
Event: 107.664 Executing VM operation: G1CollectForAllocation (G1 Evacuation Pause)
Event: 107.668 Executing VM operation: G1CollectForAllocation (G1 Evacuation Pause) done
Event: 107.760 Executing VM operation: G1PauseRemark
Event: 107.767 Executing VM operation: G1PauseRemark done
Event: 107.830 Executing VM operation: G1PauseCleanup
Event: 107.830 Executing VM operation: G1PauseCleanup done

Events (20 events):
Event: 107.766 Thread 0x000001887f883db0 flushing nmethod 0x0000018872e96210
Event: 107.766 Thread 0x000001887f883db0 flushing nmethod 0x0000018872e95310
Event: 107.766 Thread 0x000001887f883db0 flushing nmethod 0x0000018872e8c110
Event: 107.766 Thread 0x000001887f883db0 flushing nmethod 0x0000018872e7e990
Event: 107.766 Thread 0x000001887f883db0 flushing nmethod 0x0000018872e6ae10
Event: 107.766 Thread 0x000001887f883db0 flushing nmethod 0x0000018872e6ab10
Event: 107.766 Thread 0x000001887f883db0 flushing nmethod 0x0000018872e4a810
Event: 107.766 Thread 0x000001887f883db0 flushing nmethod 0x0000018872e2cc90
Event: 107.766 Thread 0x000001887f883db0 flushing nmethod 0x0000018872e16b10
Event: 107.766 Thread 0x000001887f883db0 flushing nmethod 0x0000018872e08310
Event: 107.766 Thread 0x000001887f883db0 flushing nmethod 0x0000018872e07d10
Event: 107.766 Thread 0x000001887f883db0 flushing nmethod 0x0000018872dc3110
Event: 107.766 Thread 0x000001887f883db0 flushing nmethod 0x0000018872dc2590
Event: 107.766 Thread 0x000001887f883db0 flushing nmethod 0x0000018872de9d90
Event: 107.766 Thread 0x000001887f883db0 flushing nmethod 0x0000018872de9a90
Event: 107.766 Thread 0x000001887f883db0 flushing nmethod 0x0000018872de0990
Event: 107.766 Thread 0x000001887f883db0 flushing nmethod 0x0000018872dc5290
Event: 107.766 Thread 0x000001887f883db0 flushing nmethod 0x0000018872da8010
Event: 107.766 Thread 0x000001887f883db0 flushing nmethod 0x0000018872da0e10
Event: 107.766 Thread 0x000001887f883db0 flushing nmethod 0x0000018872da0010


Dynamic libraries:
0x00007ff6a8900000 - 0x00007ff6a8910000 	C:\Program Files\Java\jdk-21\bin\java.exe
0x00007fffbb5b0000 - 0x00007fffbb7a8000 	C:\Windows\SYSTEM32\ntdll.dll
0x00007fffbb2b0000 - 0x00007fffbb36d000 	C:\Windows\System32\KERNEL32.DLL
0x00007fffb8e90000 - 0x00007fffb9186000 	C:\Windows\System32\KERNELBASE.dll
0x00007fffb8cf0000 - 0x00007fffb8df0000 	C:\Windows\System32\ucrtbase.dll
0x00007fff84a80000 - 0x00007fff84a9b000 	C:\Program Files\Java\jdk-21\bin\VCRUNTIME140.dll
0x00007fff81f50000 - 0x00007fff81f69000 	C:\Program Files\Java\jdk-21\bin\jli.dll
0x00007fffb9780000 - 0x00007fffb982f000 	C:\Windows\System32\ADVAPI32.dll
0x00007fffba560000 - 0x00007fffba5fe000 	C:\Windows\System32\msvcrt.dll
0x00007fffbb4d0000 - 0x00007fffbb56c000 	C:\Windows\System32\sechost.dll
0x00007fffb9620000 - 0x00007fffb9746000 	C:\Windows\System32\RPCRT4.dll
0x00007fffb9a50000 - 0x00007fffb9bee000 	C:\Windows\System32\USER32.dll
0x00007fffb8cc0000 - 0x00007fffb8ce2000 	C:\Windows\System32\win32u.dll
0x00007fffbb4a0000 - 0x00007fffbb4cc000 	C:\Windows\System32\GDI32.dll
0x00007fffa0010000 - 0x00007fffa02aa000 	C:\Windows\WinSxS\amd64_microsoft.windows.common-controls_6595b64144ccf1df_6.0.19041.3636_none_60b6a03d71f818d5\COMCTL32.dll
0x00007fffb94f0000 - 0x00007fffb960a000 	C:\Windows\System32\gdi32full.dll
0x00007fffb8df0000 - 0x00007fffb8e8d000 	C:\Windows\System32\msvcp_win.dll
0x00007fffb23c0000 - 0x00007fffb23ca000 	C:\Windows\SYSTEM32\VERSION.dll
0x00007fffb9750000 - 0x00007fffb9780000 	C:\Windows\System32\IMM32.DLL
0x00007fffb1790000 - 0x00007fffb179c000 	C:\Program Files\Java\jdk-21\bin\vcruntime140_1.dll
0x00007fff7a450000 - 0x00007fff7a4de000 	C:\Program Files\Java\jdk-21\bin\msvcp140.dll
0x00007fff2e1b0000 - 0x00007fff2eec5000 	C:\Program Files\Java\jdk-21\bin\server\jvm.dll
0x00007fffba080000 - 0x00007fffba0eb000 	C:\Windows\System32\WS2_32.dll
0x00007fffb8720000 - 0x00007fffb876b000 	C:\Windows\SYSTEM32\POWRPROF.dll
0x00007fffad110000 - 0x00007fffad137000 	C:\Windows\SYSTEM32\WINMM.dll
0x00007fffb8700000 - 0x00007fffb8712000 	C:\Windows\SYSTEM32\UMPDC.dll
0x00007fffb7530000 - 0x00007fffb7542000 	C:\Windows\SYSTEM32\kernel.appcore.dll
0x00007fffafa50000 - 0x00007fffafa5a000 	C:\Program Files\Java\jdk-21\bin\jimage.dll
0x00007fffb70c0000 - 0x00007fffb72a4000 	C:\Windows\SYSTEM32\DBGHELP.DLL
0x00007fff94830000 - 0x00007fff94864000 	C:\Windows\SYSTEM32\dbgcore.DLL
0x00007fffb9200000 - 0x00007fffb9282000 	C:\Windows\System32\bcryptPrimitives.dll
0x00007fff9f9e0000 - 0x00007fff9f9ef000 	C:\Program Files\Java\jdk-21\bin\instrument.dll
0x00007fff810b0000 - 0x00007fff810cf000 	C:\Program Files\Java\jdk-21\bin\java.dll
0x00007fffba900000 - 0x00007fffbb045000 	C:\Windows\System32\SHELL32.dll
0x00007fffb6920000 - 0x00007fffb70bb000 	C:\Windows\SYSTEM32\windows.storage.dll
0x00007fffb9bf0000 - 0x00007fffb9f44000 	C:\Windows\System32\combase.dll
0x00007fffb8660000 - 0x00007fffb868d000 	C:\Windows\SYSTEM32\Wldp.dll
0x00007fffbb370000 - 0x00007fffbb41d000 	C:\Windows\System32\SHCORE.dll
0x00007fffb9840000 - 0x00007fffb9895000 	C:\Windows\System32\shlwapi.dll
0x00007fffb8bc0000 - 0x00007fffb8be5000 	C:\Windows\SYSTEM32\profapi.dll
0x00007fff73800000 - 0x00007fff738d7000 	C:\Program Files\Java\jdk-21\bin\jsvml.dll
0x00007fff80e10000 - 0x00007fff80e28000 	C:\Program Files\Java\jdk-21\bin\zip.dll
0x00007fff990a0000 - 0x00007fff990b0000 	C:\Program Files\Java\jdk-21\bin\net.dll
0x00007fffb07a0000 - 0x00007fffb08aa000 	C:\Windows\SYSTEM32\WINHTTP.dll
0x00007fffb83c0000 - 0x00007fffb842a000 	C:\Windows\system32\mswsock.dll
0x00007fff80a60000 - 0x00007fff80a76000 	C:\Program Files\Java\jdk-21\bin\nio.dll
0x00007fff930f0000 - 0x00007fff93100000 	C:\Program Files\Java\jdk-21\bin\verify.dll
0x00007fffb2bb0000 - 0x00007fffb2bd7000 	C:\Users\Ali\.gradle\native\c067742578af261105cb4f569cf0c3c89f3d7b1fecec35dd04571415982c5e48\windows-amd64\native-platform.dll
0x00007fff54b30000 - 0x00007fff54c74000 	C:\Users\Ali\.gradle\native\38dada09dfb8b06ba9b0570ebf7e218e3eb74d4ef43ca46872605cf95ebc2f47\windows-amd64\native-platform-file-events.dll
0x00007fff8a020000 - 0x00007fff8a02a000 	C:\Program Files\Java\jdk-21\bin\management.dll
0x00007fff88f70000 - 0x00007fff88f7b000 	C:\Program Files\Java\jdk-21\bin\management_ext.dll
0x00007fffb9830000 - 0x00007fffb9838000 	C:\Windows\System32\PSAPI.DLL
0x00007fffb85b0000 - 0x00007fffb85c8000 	C:\Windows\SYSTEM32\CRYPTSP.dll
0x00007fffb7c90000 - 0x00007fffb7cc4000 	C:\Windows\system32\rsaenh.dll
0x00007fffb8c90000 - 0x00007fffb8cb7000 	C:\Windows\System32\bcrypt.dll
0x00007fffb8b40000 - 0x00007fffb8b6e000 	C:\Windows\SYSTEM32\USERENV.dll
0x00007fffb85d0000 - 0x00007fffb85dc000 	C:\Windows\SYSTEM32\CRYPTBASE.dll
0x00007fffb8050000 - 0x00007fffb808b000 	C:\Windows\SYSTEM32\IPHLPAPI.DLL
0x00007fffbb190000 - 0x00007fffbb198000 	C:\Windows\System32\NSI.dll
0x00007fff87d90000 - 0x00007fff87d97000 	C:\Program Files\Java\jdk-21\bin\extnet.dll
0x00007fff87710000 - 0x00007fff8771e000 	C:\Program Files\Java\jdk-21\bin\sunmscapi.dll
0x00007fffb9340000 - 0x00007fffb949d000 	C:\Windows\System32\CRYPT32.dll
0x00007fffb86d0000 - 0x00007fffb86f7000 	C:\Windows\SYSTEM32\ncrypt.dll
0x00007fffb8690000 - 0x00007fffb86cb000 	C:\Windows\SYSTEM32\NTASN1.dll
0x00007fff991a0000 - 0x00007fff991a7000 	C:\Windows\system32\wshunix.dll
0x00007fffb8090000 - 0x00007fffb815a000 	C:\Windows\SYSTEM32\DNSAPI.dll
0x00007fffaec60000 - 0x00007fffaec6a000 	C:\Windows\System32\rasadhlp.dll
0x00007fffae6a0000 - 0x00007fffae720000 	C:\Windows\System32\fwpuclnt.dll
0x00007fff90c70000 - 0x00007fff90c87000 	C:\Windows\system32\napinsp.dll
0x00007fff90c50000 - 0x00007fff90c6b000 	C:\Windows\system32\pnrpnsp.dll
0x00007fffb2820000 - 0x00007fffb2835000 	C:\Windows\system32\wshbth.dll
0x00007fffb4160000 - 0x00007fffb417d000 	C:\Windows\system32\NLAapi.dll
0x00007fff90c00000 - 0x00007fff90c12000 	C:\Windows\System32\winrnr.dll

dbghelp: loaded successfully - version: 4.0.5 - missing functions: none
symbol engine: initialized successfully - sym options: 0x614 - pdb path: .;C:\Program Files\Java\jdk-21\bin;C:\Windows\SYSTEM32;C:\Windows\WinSxS\amd64_microsoft.windows.common-controls_6595b64144ccf1df_6.0.19041.3636_none_60b6a03d71f818d5;C:\Program Files\Java\jdk-21\bin\server;C:\Users\Ali\.gradle\native\c067742578af261105cb4f569cf0c3c89f3d7b1fecec35dd04571415982c5e48\windows-amd64;C:\Users\Ali\.gradle\native\38dada09dfb8b06ba9b0570ebf7e218e3eb74d4ef43ca46872605cf95ebc2f47\windows-amd64

VM Arguments:
jvm_args: --add-opens=java.base/java.util=ALL-UNNAMED --add-opens=java.base/java.lang=ALL-UNNAMED --add-opens=java.base/java.lang.invoke=ALL-UNNAMED --add-opens=java.prefs/java.util.prefs=ALL-UNNAMED --add-opens=java.base/java.nio.charset=ALL-UNNAMED --add-opens=java.base/java.net=ALL-UNNAMED --add-opens=java.base/java.util.concurrent.atomic=ALL-UNNAMED -Xmx2048m -Dfile.encoding=UTF-8 -Duser.country=US -Duser.language=en -Duser.variant -javaagent:C:\Users\Ali\.gradle\wrapper\dists\gradle-8.7-bin\bhs2wmbdwecv87pi65oeuq5iu\gradle-8.7\lib\agents\gradle-instrumentation-agent-8.7.jar 
java_command: org.gradle.launcher.daemon.bootstrap.GradleDaemon 8.7
java_class_path (initial): C:\Users\Ali\.gradle\wrapper\dists\gradle-8.7-bin\bhs2wmbdwecv87pi65oeuq5iu\gradle-8.7\lib\gradle-launcher-8.7.jar
Launcher Type: SUN_STANDARD

[Global flags]
     intx CICompilerCount                          = 4                                         {product} {ergonomic}
     uint ConcGCThreads                            = 2                                         {product} {ergonomic}
     uint G1ConcRefinementThreads                  = 8                                         {product} {ergonomic}
   size_t G1HeapRegionSize                         = 1048576                                   {product} {ergonomic}
    uintx GCDrainStackTargetSize                   = 64                                        {product} {ergonomic}
   size_t InitialHeapSize                          = 268435456                                 {product} {ergonomic}
   size_t MarkStackSize                            = 4194304                                   {product} {ergonomic}
   size_t MaxHeapSize                              = 2147483648                                {product} {command line}
   size_t MaxNewSize                               = 1287651328                                {product} {ergonomic}
   size_t MinHeapDeltaBytes                        = 1048576                                   {product} {ergonomic}
   size_t MinHeapSize                              = 8388608                                   {product} {ergonomic}
    uintx NonNMethodCodeHeapSize                   = 5839372                                {pd product} {ergonomic}
    uintx NonProfiledCodeHeapSize                  = 122909434                              {pd product} {ergonomic}
    uintx ProfiledCodeHeapSize                     = 122909434                              {pd product} {ergonomic}
    uintx ReservedCodeCacheSize                    = 251658240                              {pd product} {ergonomic}
     bool SegmentedCodeCache                       = true                                      {product} {ergonomic}
   size_t SoftMaxHeapSize                          = 2147483648                             {manageable} {ergonomic}
     bool UseCompressedOops                        = true                           {product lp64_product} {ergonomic}
     bool UseG1GC                                  = true                                      {product} {ergonomic}
     bool UseLargePagesIndividualAllocation        = false                                  {pd product} {ergonomic}

Logging:
Log output configuration:
 #0: stdout all=warning uptime,level,tags foldmultilines=false
 #1: stderr all=off uptime,level,tags foldmultilines=false

Environment Variables:
JAVA_HOME=C:\Program Files\Java\jdk-21
PATH=C:\Program Files\Common Files\Oracle\Java\javapath;C:\Windows\system32;C:\Windows;C:\Windows\System32\Wbem;C:\Windows\System32\WindowsPowerShell\v1.0\;C:\Windows\System32\OpenSSH\;C:\Program Files (x86)\NVIDIA Corporation\PhysX\Common;C:\Program Files\NVIDIA Corporation\NVIDIA NvDLISR;E:\Program Files\Git\cmd;C:\Program Files\dotnet\;C:\Users\Ali\AppData\Local\Microsoft\WindowsApps;C:\Program Files\Java\jdk-21\bin;C:\Users\Ali\AppData\Local\atom\bin
USERNAME=Ali
OS=Windows_NT
PROCESSOR_IDENTIFIER=Intel64 Family 6 Model 142 Stepping 10, GenuineIntel
TMP=C:\Users\Ali\AppData\Local\Temp
TEMP=C:\Users\Ali\AppData\Local\Temp




Periodic native trim disabled

---------------  S Y S T E M  ---------------

OS:
 Windows 10 , 64 bit Build 19041 (10.0.19041.3636)
OS uptime: 0 days 13:57 hours

CPU: total 8 (initial active 8) (4 cores per cpu, 2 threads per core) family 6 model 142 stepping 10 microcode 0xb4, cx8, cmov, fxsr, ht, mmx, 3dnowpref, sse, sse2, sse3, ssse3, sse4.1, sse4.2, popcnt, lzcnt, tsc, tscinvbit, avx, avx2, aes, erms, clmul, bmi1, bmi2, adx, fma, vzeroupper, clflush, clflushopt, rdtscp, f16c
Processor Information for all 8 processors :
  Max Mhz: 1992, Current Mhz: 1792, Mhz Limit: 1792

Memory: 4k page, system-wide physical 16262M (90M free)
TotalPageFile size 44878M (AvailPageFile size 0M)
current process WorkingSet (physical memory assigned to process): 387M, peak: 393M
current process commit charge ("private bytes"): 476M, peak: 479M

vm_info: Java HotSpot(TM) 64-Bit Server VM (21.0.1+12-LTS-29) for windows-amd64 JRE (21.0.1+12-LTS-29), built on 2023-10-05T13:27:09Z by "mach5one" with MS VC++ 17.1 (VS2022)

END.
